INFO: Applying HLS Y2K22 patch v1.2 for IP revision
INFO: [HLS 200-10] Running 'C:/Xilinx/Vivado/2020.1/bin/unwrapped/win64.o/vivado_hls.exe'
INFO: [HLS 200-10] For user 'gonin' on host 'aronlaptop' (Windows NT_amd64 version 6.2) on Fri Aug 02 03:18:35 +1000 2024
INFO: [HLS 200-10] In directory 'C:/Users/gonin/Documents/cs4601/proj/invert_matrix'
Sourcing Tcl script 'C:/Users/gonin/Documents/cs4601/proj/invert_matrix/inver_aug/solution0/export.tcl'
INFO: [HLS 200-10] Opening project 'C:/Users/gonin/Documents/cs4601/proj/invert_matrix/inver_aug'.
INFO: [HLS 200-10] Opening solution 'C:/Users/gonin/Documents/cs4601/proj/invert_matrix/inver_aug/solution0'.
INFO: [SYN 201-201] Setting up clock 'default' with a period of 10ns.
WARNING: [HLS 200-40] Cannot find library 'C:/Xilinx/Vivado/2020.1/common/technology/xilinx/Virtex-7/Virtex-7.lib'.
WARNING: [HLS 200-40] Cannot find library 'xilinx/Virtex-7/Virtex-7'.
WARNING: [HLS 200-40] Cannot find library 'C:/Xilinx/Vivado/2020.1/common/technology/xilinx/Virtex-7/Virtex-7_fpv7.lib'.
WARNING: [HLS 200-40] Cannot find library 'xilinx/Virtex-7/Virtex-7_fpv7'.
INFO: [HLS 200-10] Setting target device to 'xqzu5ev-ffrb900-1-i'
INFO: [IMPL 213-8] Exporting RTL as a Vivado IP.

****** Vivado v2020.1 (64-bit)
  **** SW Build 2902540 on Wed May 27 19:54:49 MDT 2020
  **** IP Build 2902112 on Wed May 27 22:43:36 MDT 2020
    ** Copyright 1986-2020 Xilinx, Inc. All Rights Reserved.

source run_ippack.tcl -notrace
INFO: [IP_Flow 19-234] Refreshing IP repositories
INFO: [IP_Flow 19-1704] No user IP repositories specified
INFO: [IP_Flow 19-2313] Loaded Vivado IP repository 'C:/Xilinx/Vivado/2020.1/data/ip'.
INFO: [Common 17-206] Exiting Vivado at Fri Aug  2 03:18:49 2024...
