

================================================================
== Vivado HLS Report for 'inverse'
================================================================
* Date:           Wed Jul 31 03:12:12 2024

* Version:        2020.1 (Build 2897737 on Wed May 27 20:21:37 MDT 2020)
* Project:        inver_aug
* Solution:       solution2
* Product family: zynquplus
* Target device:  xqzu5ev-ffrb900-1-i


================================================================
== Performance Estimates
================================================================
+ Timing: 
    * Summary: 
    +--------+----------+----------+------------+
    |  Clock |  Target  | Estimated| Uncertainty|
    +--------+----------+----------+------------+
    |ap_clk  | 10.00 ns | 6.925 ns |   1.25 ns  |
    +--------+----------+----------+------------+

+ Latency: 
    * Summary: 
    +---------+---------+-----------+----------+------+-------+---------+
    |  Latency (cycles) |  Latency (absolute)  |   Interval   | Pipeline|
    |   min   |   max   |    min    |    max   |  min |  max  |   Type  |
    +---------+---------+-----------+----------+------+-------+---------+
    |     8465|    14565| 84.650 us | 0.146 ms |  8465|  14565|   none  |
    +---------+---------+-----------+----------+------+-------+---------+

    + Detail: 
        * Instance: 
        N/A

        * Loop: 
        +------------------------+---------+---------+------------+-----------+-----------+------+----------+
        |                        |  Latency (cycles) |  Iteration |  Initiation Interval  | Trip |          |
        |        Loop Name       |   min   |   max   |   Latency  |  achieved |   target  | Count| Pipelined|
        +------------------------+---------+---------+------------+-----------+-----------+------+----------+
        |- Ini_Aug_loop          |       10|       10|           2|          1|          1|    10|    yes   |
        |- Row_Operation         |     8440|    14540| 844 ~ 1454 |          -|          -|    10|    no    |
        | + Row_Operation.1      |      820|      820|          41|          -|          -|    20|    no    |
        | + Row_Operation.2      |       20|      630|   2 ~ 63   |          -|          -|    10|    no    |
        |  ++ Row_Operation.2.1  |       60|       60|           3|          -|          -|    20|    no    |
        |- Extract_loop          |       10|       10|           2|          1|          1|    10|    yes   |
        +------------------------+---------+---------+------------+-----------+-----------+------+----------+



================================================================
== Utilization Estimates
================================================================
* Summary: 
+-----------------+---------+-------+--------+--------+-----+
|       Name      | BRAM_18K| DSP48E|   FF   |   LUT  | URAM|
+-----------------+---------+-------+--------+--------+-----+
|DSP              |        -|      -|       -|       -|    -|
|Expression       |        -|      2|       0|     758|    -|
|FIFO             |        -|      -|       -|       -|    -|
|Instance         |        -|      -|     442|     571|    -|
|Memory           |       40|      -|       0|       0|    0|
|Multiplexer      |        -|      -|       -|    1237|    -|
|Register         |        -|      -|     357|       -|    -|
+-----------------+---------+-------+--------+--------+-----+
|Total            |       40|      2|     799|    2566|    0|
+-----------------+---------+-------+--------+--------+-----+
|Available        |      288|   1248|  234240|  117120|   64|
+-----------------+---------+-------+--------+--------+-----+
|Utilization (%)  |       13|   ~0  |   ~0   |       2|    0|
+-----------------+---------+-------+--------+--------+-----+

+ Detail: 
    * Instance: 
    +-------------------------+----------------------+---------+-------+-----+-----+-----+
    |         Instance        |        Module        | BRAM_18K| DSP48E|  FF | LUT | URAM|
    +-------------------------+----------------------+---------+-------+-----+-----+-----+
    |inverse_mux_205_2bkb_U1  |inverse_mux_205_2bkb  |        0|      0|    0|  101|    0|
    |inverse_mux_205_2bkb_U3  |inverse_mux_205_2bkb  |        0|      0|    0|  101|    0|
    |inverse_mux_205_2bkb_U4  |inverse_mux_205_2bkb  |        0|      0|    0|  101|    0|
    |inverse_sdiv_36nscud_U2  |inverse_sdiv_36nscud  |        0|      0|  442|  268|    0|
    +-------------------------+----------------------+---------+-------+-----+-----+-----+
    |Total                    |                      |        0|      0|  442|  571|    0|
    +-------------------------+----------------------+---------+-------+-----+-----+-----+

    * DSP48E: 
    N/A

    * Memory: 
    +------------+-----------------+---------+---+----+-----+------+-----+------+-------------+
    |   Memory   |      Module     | BRAM_18K| FF| LUT| URAM| Words| Bits| Banks| W*Bits*Banks|
    +------------+-----------------+---------+---+----+-----+------+-----+------+-------------+
    |aug_0_V_U   |inverse_aug_0_V  |        2|  0|   0|    0|    10|   22|     1|          220|
    |aug_1_V_U   |inverse_aug_0_V  |        2|  0|   0|    0|    10|   22|     1|          220|
    |aug_2_V_U   |inverse_aug_0_V  |        2|  0|   0|    0|    10|   22|     1|          220|
    |aug_3_V_U   |inverse_aug_0_V  |        2|  0|   0|    0|    10|   22|     1|          220|
    |aug_4_V_U   |inverse_aug_0_V  |        2|  0|   0|    0|    10|   22|     1|          220|
    |aug_5_V_U   |inverse_aug_0_V  |        2|  0|   0|    0|    10|   22|     1|          220|
    |aug_6_V_U   |inverse_aug_0_V  |        2|  0|   0|    0|    10|   22|     1|          220|
    |aug_7_V_U   |inverse_aug_0_V  |        2|  0|   0|    0|    10|   22|     1|          220|
    |aug_8_V_U   |inverse_aug_0_V  |        2|  0|   0|    0|    10|   22|     1|          220|
    |aug_9_V_U   |inverse_aug_0_V  |        2|  0|   0|    0|    10|   22|     1|          220|
    |aug_10_V_U  |inverse_aug_0_V  |        2|  0|   0|    0|    10|   22|     1|          220|
    |aug_11_V_U  |inverse_aug_0_V  |        2|  0|   0|    0|    10|   22|     1|          220|
    |aug_12_V_U  |inverse_aug_0_V  |        2|  0|   0|    0|    10|   22|     1|          220|
    |aug_13_V_U  |inverse_aug_0_V  |        2|  0|   0|    0|    10|   22|     1|          220|
    |aug_14_V_U  |inverse_aug_0_V  |        2|  0|   0|    0|    10|   22|     1|          220|
    |aug_15_V_U  |inverse_aug_0_V  |        2|  0|   0|    0|    10|   22|     1|          220|
    |aug_16_V_U  |inverse_aug_0_V  |        2|  0|   0|    0|    10|   22|     1|          220|
    |aug_17_V_U  |inverse_aug_0_V  |        2|  0|   0|    0|    10|   22|     1|          220|
    |aug_18_V_U  |inverse_aug_0_V  |        2|  0|   0|    0|    10|   22|     1|          220|
    |aug_19_V_U  |inverse_aug_0_V  |        2|  0|   0|    0|    10|   22|     1|          220|
    +------------+-----------------+---------+---+----+-----+------+-----+------+-------------+
    |Total       |                 |       40|  0|   0|    0|   200|  440|    20|         4400|
    +------------+-----------------+---------+---+----+-----+------+-----+------+-------------+

    * FIFO: 
    N/A

    * Expression: 
    +---------------------------+----------+-------+---+----+------------+------------+
    |       Variable Name       | Operation| DSP48E| FF| LUT| Bitwidth P0| Bitwidth P1|
    +---------------------------+----------+-------+---+----+------------+------------+
    |mul_ln1193_fu_1970_p2      |     *    |      2|  0|  23|          22|          22|
    |i_3_fu_2071_p2             |     +    |      0|  0|  12|           4|           1|
    |i_4_fu_1584_p2             |     +    |      0|  0|  12|           4|           1|
    |i_fu_1268_p2               |     +    |      0|  0|  12|           4|           1|
    |j_1_fu_1805_p2             |     +    |      0|  0|  12|           4|           1|
    |j_fu_1614_p2               |     +    |      0|  0|  15|           5|           1|
    |k_fu_1914_p2               |     +    |      0|  0|  15|           5|           1|
    |ret_V_fu_2029_p2           |     -    |      0|  0|  43|          36|          36|
    |icmp_ln203_1_fu_1626_p2    |   icmp   |      0|  0|   9|           4|           1|
    |icmp_ln203_2_fu_1632_p2    |   icmp   |      0|  0|   9|           4|           2|
    |icmp_ln203_3_fu_1638_p2    |   icmp   |      0|  0|   9|           4|           2|
    |icmp_ln203_4_fu_1644_p2    |   icmp   |      0|  0|   9|           4|           3|
    |icmp_ln203_5_fu_1650_p2    |   icmp   |      0|  0|   9|           4|           3|
    |icmp_ln203_6_fu_1656_p2    |   icmp   |      0|  0|   9|           4|           3|
    |icmp_ln203_7_fu_1662_p2    |   icmp   |      0|  0|   9|           4|           3|
    |icmp_ln203_8_fu_1668_p2    |   icmp   |      0|  0|  11|           4|           5|
    |icmp_ln203_fu_1620_p2      |   icmp   |      0|  0|   9|           4|           1|
    |icmp_ln34_fu_1262_p2       |   icmp   |      0|  0|   9|           4|           4|
    |icmp_ln41_1_fu_1313_p2     |   icmp   |      0|  0|   9|           4|           1|
    |icmp_ln41_2_fu_1328_p2     |   icmp   |      0|  0|   9|           4|           2|
    |icmp_ln41_3_fu_1343_p2     |   icmp   |      0|  0|   9|           4|           2|
    |icmp_ln41_4_fu_1358_p2     |   icmp   |      0|  0|   9|           4|           3|
    |icmp_ln41_5_fu_1373_p2     |   icmp   |      0|  0|   9|           4|           3|
    |icmp_ln41_6_fu_1388_p2     |   icmp   |      0|  0|   9|           4|           3|
    |icmp_ln41_7_fu_1403_p2     |   icmp   |      0|  0|   9|           4|           3|
    |icmp_ln41_8_fu_1418_p2     |   icmp   |      0|  0|  11|           4|           5|
    |icmp_ln41_9_fu_1433_p2     |   icmp   |      0|  0|   9|           4|           4|
    |icmp_ln41_fu_1298_p2       |   icmp   |      0|  0|   9|           4|           1|
    |icmp_ln47_fu_1578_p2       |   icmp   |      0|  0|   9|           4|           4|
    |icmp_ln52_fu_1608_p2       |   icmp   |      0|  0|  11|           5|           5|
    |icmp_ln57_fu_1799_p2       |   icmp   |      0|  0|   9|           4|           4|
    |icmp_ln58_fu_1811_p2       |   icmp   |      0|  0|   9|           4|           4|
    |icmp_ln60_fu_1908_p2       |   icmp   |      0|  0|  11|           5|           5|
    |icmp_ln69_fu_2065_p2       |   icmp   |      0|  0|   9|           4|           4|
    |ap_condition_828           |    or    |      0|  0|   2|           1|           1|
    |or_ln203_1_fu_1680_p2      |    or    |      0|  0|   2|           1|           1|
    |or_ln203_2_fu_1686_p2      |    or    |      0|  0|   2|           1|           1|
    |or_ln203_3_fu_1692_p2      |    or    |      0|  0|   2|           1|           1|
    |or_ln203_4_fu_1698_p2      |    or    |      0|  0|   2|           1|           1|
    |or_ln203_5_fu_1704_p2      |    or    |      0|  0|   2|           1|           1|
    |or_ln203_6_fu_1710_p2      |    or    |      0|  0|   2|           1|           1|
    |or_ln203_fu_1674_p2        |    or    |      0|  0|   2|           1|           1|
    |select_ln203_1_fu_1848_p3  |  select  |      0|  0|  22|           1|          22|
    |select_ln203_2_fu_1855_p3  |  select  |      0|  0|  22|           1|          22|
    |select_ln203_3_fu_1862_p3  |  select  |      0|  0|  22|           1|          22|
    |select_ln203_4_fu_1869_p3  |  select  |      0|  0|  22|           1|          22|
    |select_ln203_5_fu_1876_p3  |  select  |      0|  0|  22|           1|          22|
    |select_ln203_6_fu_1883_p3  |  select  |      0|  0|  22|           1|          22|
    |select_ln203_7_fu_1890_p3  |  select  |      0|  0|  22|           1|          22|
    |select_ln203_fu_1841_p3    |  select  |      0|  0|  22|           1|          22|
    |select_ln41_1_fu_1319_p3   |  select  |      0|  0|  15|           1|          15|
    |select_ln41_2_fu_1334_p3   |  select  |      0|  0|  15|           1|          15|
    |select_ln41_3_fu_1349_p3   |  select  |      0|  0|  15|           1|          15|
    |select_ln41_4_fu_1364_p3   |  select  |      0|  0|  15|           1|          15|
    |select_ln41_5_fu_1379_p3   |  select  |      0|  0|  15|           1|          15|
    |select_ln41_6_fu_1394_p3   |  select  |      0|  0|  15|           1|          15|
    |select_ln41_7_fu_1409_p3   |  select  |      0|  0|  15|           1|          15|
    |select_ln41_8_fu_1424_p3   |  select  |      0|  0|  15|           1|          15|
    |select_ln41_9_fu_1439_p3   |  select  |      0|  0|  15|           1|          15|
    |select_ln41_fu_1304_p3     |  select  |      0|  0|  15|           1|          15|
    |temp_V_1_fu_1897_p3        |  select  |      0|  0|  22|           1|          22|
    |ap_enable_pp0              |    xor   |      0|  0|   2|           1|           2|
    |ap_enable_pp1              |    xor   |      0|  0|   2|           1|           2|
    |ap_enable_reg_pp0_iter1    |    xor   |      0|  0|   2|           2|           1|
    |ap_enable_reg_pp1_iter1    |    xor   |      0|  0|   2|           2|           1|
    +---------------------------+----------+-------+---+----+------------+------------+
    |Total                      |          |      2|  0| 758|         223|         506|
    +---------------------------+----------+-------+---+----+------------+------------+

    * Multiplexer: 
    +-----------------------------------+-----+-----------+-----+-----------+
    |                Name               | LUT | Input Size| Bits| Total Bits|
    +-----------------------------------+-----+-----------+-----+-----------+
    |ap_NS_fsm                          |  233|         54|    1|         54|
    |ap_enable_reg_pp0_iter1            |   15|          3|    1|          3|
    |ap_enable_reg_pp1_iter1            |   15|          3|    1|          3|
    |ap_phi_mux_temp_V_phi_fu_1184_p20  |   50|         11|   22|        242|
    |aug_0_V_address0                   |   27|          5|    4|         20|
    |aug_0_V_d0                         |   15|          3|   22|         66|
    |aug_10_V_address0                  |   15|          3|    4|         12|
    |aug_10_V_address1                  |   15|          3|    4|         12|
    |aug_10_V_d0                        |   15|          3|   22|         66|
    |aug_11_V_address0                  |   15|          3|    4|         12|
    |aug_11_V_address1                  |   15|          3|    4|         12|
    |aug_11_V_d0                        |   15|          3|   22|         66|
    |aug_12_V_address0                  |   15|          3|    4|         12|
    |aug_12_V_address1                  |   15|          3|    4|         12|
    |aug_12_V_d0                        |   15|          3|   22|         66|
    |aug_13_V_address0                  |   15|          3|    4|         12|
    |aug_13_V_address1                  |   15|          3|    4|         12|
    |aug_13_V_d0                        |   15|          3|   22|         66|
    |aug_14_V_address0                  |   15|          3|    4|         12|
    |aug_14_V_address1                  |   15|          3|    4|         12|
    |aug_14_V_d0                        |   15|          3|   22|         66|
    |aug_15_V_address0                  |   15|          3|    4|         12|
    |aug_15_V_address1                  |   15|          3|    4|         12|
    |aug_15_V_d0                        |   15|          3|   22|         66|
    |aug_16_V_address0                  |   15|          3|    4|         12|
    |aug_16_V_address1                  |   15|          3|    4|         12|
    |aug_16_V_d0                        |   15|          3|   22|         66|
    |aug_17_V_address0                  |   15|          3|    4|         12|
    |aug_17_V_address1                  |   15|          3|    4|         12|
    |aug_17_V_d0                        |   15|          3|   22|         66|
    |aug_18_V_address0                  |   15|          3|    4|         12|
    |aug_18_V_address1                  |   15|          3|    4|         12|
    |aug_18_V_d0                        |   15|          3|   22|         66|
    |aug_19_V_address0                  |   15|          3|    4|         12|
    |aug_19_V_address1                  |   15|          3|    4|         12|
    |aug_19_V_d0                        |   15|          3|   22|         66|
    |aug_1_V_address0                   |   27|          5|    4|         20|
    |aug_1_V_d0                         |   15|          3|   22|         66|
    |aug_2_V_address0                   |   27|          5|    4|         20|
    |aug_2_V_d0                         |   15|          3|   22|         66|
    |aug_3_V_address0                   |   27|          5|    4|         20|
    |aug_3_V_d0                         |   15|          3|   22|         66|
    |aug_4_V_address0                   |   27|          5|    4|         20|
    |aug_4_V_d0                         |   15|          3|   22|         66|
    |aug_5_V_address0                   |   27|          5|    4|         20|
    |aug_5_V_d0                         |   15|          3|   22|         66|
    |aug_6_V_address0                   |   27|          5|    4|         20|
    |aug_6_V_d0                         |   15|          3|   22|         66|
    |aug_7_V_address0                   |   27|          5|    4|         20|
    |aug_7_V_d0                         |   15|          3|   22|         66|
    |aug_8_V_address0                   |   27|          5|    4|         20|
    |aug_8_V_d0                         |   15|          3|   22|         66|
    |aug_9_V_address0                   |   27|          5|    4|         20|
    |aug_9_V_d0                         |   15|          3|   22|         66|
    |i_0_reg_1158                       |    9|          2|    4|          8|
    |i_1_reg_1169                       |    9|          2|    4|          8|
    |i_2_reg_1251                       |    9|          2|    4|          8|
    |j_2_reg_1216                       |    9|          2|    5|         10|
    |j_3_reg_1228                       |    9|          2|    4|          8|
    |k_0_reg_1239                       |    9|          2|    5|         10|
    +-----------------------------------+-----+-----------+-----+-----------+
    |Total                              | 1237|        253|  611|       2114|
    +-----------------------------------+-----+-----------+-----+-----------+

    * Register: 
    +--------------------------+----+----+-----+-----------+
    |           Name           | FF | LUT| Bits| Const Bits|
    +--------------------------+----+----+-----+-----------+
    |ap_CS_fsm                 |  53|   0|   53|          0|
    |ap_enable_reg_pp0_iter0   |   1|   0|    1|          0|
    |ap_enable_reg_pp0_iter1   |   1|   0|    1|          0|
    |ap_enable_reg_pp1_iter0   |   1|   0|    1|          0|
    |ap_enable_reg_pp1_iter1   |   1|   0|    1|          0|
    |aug_0_V_addr_1_reg_2187   |   4|   0|    4|          0|
    |aug_0_V_addr_2_reg_2362   |   4|   0|    4|          0|
    |aug_10_V_addr_2_reg_2242  |   4|   0|    4|          0|
    |aug_10_V_addr_3_reg_2422  |   4|   0|    4|          0|
    |aug_11_V_addr_2_reg_2247  |   4|   0|    4|          0|
    |aug_11_V_addr_3_reg_2427  |   4|   0|    4|          0|
    |aug_12_V_addr_2_reg_2252  |   4|   0|    4|          0|
    |aug_12_V_addr_3_reg_2432  |   4|   0|    4|          0|
    |aug_13_V_addr_2_reg_2257  |   4|   0|    4|          0|
    |aug_13_V_addr_3_reg_2437  |   4|   0|    4|          0|
    |aug_14_V_addr_1_reg_2262  |   4|   0|    4|          0|
    |aug_14_V_addr_3_reg_2442  |   4|   0|    4|          0|
    |aug_15_V_addr_1_reg_2267  |   4|   0|    4|          0|
    |aug_15_V_addr_3_reg_2447  |   4|   0|    4|          0|
    |aug_16_V_addr_1_reg_2272  |   4|   0|    4|          0|
    |aug_16_V_addr_3_reg_2452  |   4|   0|    4|          0|
    |aug_17_V_addr_1_reg_2277  |   4|   0|    4|          0|
    |aug_17_V_addr_3_reg_2457  |   4|   0|    4|          0|
    |aug_18_V_addr_1_reg_2282  |   4|   0|    4|          0|
    |aug_18_V_addr_3_reg_2462  |   4|   0|    4|          0|
    |aug_19_V_addr_1_reg_2287  |   4|   0|    4|          0|
    |aug_19_V_addr_3_reg_2467  |   4|   0|    4|          0|
    |aug_1_V_addr_1_reg_2192   |   4|   0|    4|          0|
    |aug_1_V_addr_2_reg_2368   |   4|   0|    4|          0|
    |aug_2_V_addr_1_reg_2197   |   4|   0|    4|          0|
    |aug_2_V_addr_2_reg_2374   |   4|   0|    4|          0|
    |aug_3_V_addr_1_reg_2202   |   4|   0|    4|          0|
    |aug_3_V_addr_2_reg_2380   |   4|   0|    4|          0|
    |aug_4_V_addr_1_reg_2207   |   4|   0|    4|          0|
    |aug_4_V_addr_2_reg_2386   |   4|   0|    4|          0|
    |aug_5_V_addr_1_reg_2212   |   4|   0|    4|          0|
    |aug_5_V_addr_2_reg_2392   |   4|   0|    4|          0|
    |aug_6_V_addr_1_reg_2217   |   4|   0|    4|          0|
    |aug_6_V_addr_2_reg_2398   |   4|   0|    4|          0|
    |aug_7_V_addr_1_reg_2222   |   4|   0|    4|          0|
    |aug_7_V_addr_2_reg_2404   |   4|   0|    4|          0|
    |aug_8_V_addr_1_reg_2227   |   4|   0|    4|          0|
    |aug_8_V_addr_2_reg_2410   |   4|   0|    4|          0|
    |aug_9_V_addr_1_reg_2232   |   4|   0|    4|          0|
    |aug_9_V_addr_2_reg_2416   |   4|   0|    4|          0|
    |i_0_reg_1158              |   4|   0|    4|          0|
    |i_1_reg_1169              |   4|   0|    4|          0|
    |i_2_reg_1251              |   4|   0|    4|          0|
    |i_4_reg_2168              |   4|   0|    4|          0|
    |icmp_ln203_2_reg_2305     |   1|   0|    1|          0|
    |icmp_ln203_4_reg_2310     |   1|   0|    1|          0|
    |icmp_ln203_6_reg_2315     |   1|   0|    1|          0|
    |icmp_ln203_8_reg_2320     |   1|   0|    1|          0|
    |icmp_ln203_reg_2300       |   1|   0|    1|          0|
    |icmp_ln34_reg_2091        |   1|   0|    1|          0|
    |icmp_ln58_reg_2358        |   1|   0|    1|          0|
    |icmp_ln69_reg_2485        |   1|   0|    1|          0|
    |j_1_reg_2353              |   4|   0|    4|          0|
    |j_2_reg_1216              |   5|   0|    5|          0|
    |j_3_reg_1228              |   4|   0|    4|          0|
    |j_reg_2295                |   5|   0|    5|          0|
    |k_0_reg_1239              |   5|   0|    5|          0|
    |k_reg_2480                |   5|   0|    5|          0|
    |or_ln203_2_reg_2330       |   1|   0|    1|          0|
    |or_ln203_4_reg_2335       |   1|   0|    1|          0|
    |or_ln203_6_reg_2340       |   1|   0|    1|          0|
    |or_ln203_reg_2325         |   1|   0|    1|          0|
    |sext_ln1148_reg_2237      |  36|   0|   36|          0|
    |sext_ln1193_reg_2472      |  36|   0|   36|          0|
    |zext_ln37_reg_2100        |   4|   0|   64|         60|
    |zext_ln51_reg_2173        |   4|   0|   64|         60|
    |zext_ln72_reg_2494        |   4|   0|   64|         60|
    +--------------------------+----+----+-----+-----------+
    |Total                     | 357|   0|  537|        180|
    +--------------------------+----+----+-----+-----------+



================================================================
== Interface
================================================================
* Summary: 
+----------------+-----+-----+------------+--------------+--------------+
|    RTL Ports   | Dir | Bits|  Protocol  | Source Object|    C Type    |
+----------------+-----+-----+------------+--------------+--------------+
|ap_clk          |  in |    1| ap_ctrl_hs |    inverse   | return value |
|ap_rst          |  in |    1| ap_ctrl_hs |    inverse   | return value |
|ap_start        |  in |    1| ap_ctrl_hs |    inverse   | return value |
|ap_done         | out |    1| ap_ctrl_hs |    inverse   | return value |
|ap_idle         | out |    1| ap_ctrl_hs |    inverse   | return value |
|ap_ready        | out |    1| ap_ctrl_hs |    inverse   | return value |
|A_0_address0    | out |    4|  ap_memory |      A_0     |     array    |
|A_0_ce0         | out |    1|  ap_memory |      A_0     |     array    |
|A_0_q0          |  in |   32|  ap_memory |      A_0     |     array    |
|A_1_address0    | out |    4|  ap_memory |      A_1     |     array    |
|A_1_ce0         | out |    1|  ap_memory |      A_1     |     array    |
|A_1_q0          |  in |   32|  ap_memory |      A_1     |     array    |
|A_2_address0    | out |    4|  ap_memory |      A_2     |     array    |
|A_2_ce0         | out |    1|  ap_memory |      A_2     |     array    |
|A_2_q0          |  in |   32|  ap_memory |      A_2     |     array    |
|A_3_address0    | out |    4|  ap_memory |      A_3     |     array    |
|A_3_ce0         | out |    1|  ap_memory |      A_3     |     array    |
|A_3_q0          |  in |   32|  ap_memory |      A_3     |     array    |
|A_4_address0    | out |    4|  ap_memory |      A_4     |     array    |
|A_4_ce0         | out |    1|  ap_memory |      A_4     |     array    |
|A_4_q0          |  in |   32|  ap_memory |      A_4     |     array    |
|A_5_address0    | out |    4|  ap_memory |      A_5     |     array    |
|A_5_ce0         | out |    1|  ap_memory |      A_5     |     array    |
|A_5_q0          |  in |   32|  ap_memory |      A_5     |     array    |
|A_6_address0    | out |    4|  ap_memory |      A_6     |     array    |
|A_6_ce0         | out |    1|  ap_memory |      A_6     |     array    |
|A_6_q0          |  in |   32|  ap_memory |      A_6     |     array    |
|A_7_address0    | out |    4|  ap_memory |      A_7     |     array    |
|A_7_ce0         | out |    1|  ap_memory |      A_7     |     array    |
|A_7_q0          |  in |   32|  ap_memory |      A_7     |     array    |
|A_8_address0    | out |    4|  ap_memory |      A_8     |     array    |
|A_8_ce0         | out |    1|  ap_memory |      A_8     |     array    |
|A_8_q0          |  in |   32|  ap_memory |      A_8     |     array    |
|A_9_address0    | out |    4|  ap_memory |      A_9     |     array    |
|A_9_ce0         | out |    1|  ap_memory |      A_9     |     array    |
|A_9_q0          |  in |   32|  ap_memory |      A_9     |     array    |
|B_0_V_address0  | out |    4|  ap_memory |     B_0_V    |     array    |
|B_0_V_ce0       | out |    1|  ap_memory |     B_0_V    |     array    |
|B_0_V_we0       | out |    1|  ap_memory |     B_0_V    |     array    |
|B_0_V_d0        | out |   22|  ap_memory |     B_0_V    |     array    |
|B_1_V_address0  | out |    4|  ap_memory |     B_1_V    |     array    |
|B_1_V_ce0       | out |    1|  ap_memory |     B_1_V    |     array    |
|B_1_V_we0       | out |    1|  ap_memory |     B_1_V    |     array    |
|B_1_V_d0        | out |   22|  ap_memory |     B_1_V    |     array    |
|B_2_V_address0  | out |    4|  ap_memory |     B_2_V    |     array    |
|B_2_V_ce0       | out |    1|  ap_memory |     B_2_V    |     array    |
|B_2_V_we0       | out |    1|  ap_memory |     B_2_V    |     array    |
|B_2_V_d0        | out |   22|  ap_memory |     B_2_V    |     array    |
|B_3_V_address0  | out |    4|  ap_memory |     B_3_V    |     array    |
|B_3_V_ce0       | out |    1|  ap_memory |     B_3_V    |     array    |
|B_3_V_we0       | out |    1|  ap_memory |     B_3_V    |     array    |
|B_3_V_d0        | out |   22|  ap_memory |     B_3_V    |     array    |
|B_4_V_address0  | out |    4|  ap_memory |     B_4_V    |     array    |
|B_4_V_ce0       | out |    1|  ap_memory |     B_4_V    |     array    |
|B_4_V_we0       | out |    1|  ap_memory |     B_4_V    |     array    |
|B_4_V_d0        | out |   22|  ap_memory |     B_4_V    |     array    |
|B_5_V_address0  | out |    4|  ap_memory |     B_5_V    |     array    |
|B_5_V_ce0       | out |    1|  ap_memory |     B_5_V    |     array    |
|B_5_V_we0       | out |    1|  ap_memory |     B_5_V    |     array    |
|B_5_V_d0        | out |   22|  ap_memory |     B_5_V    |     array    |
|B_6_V_address0  | out |    4|  ap_memory |     B_6_V    |     array    |
|B_6_V_ce0       | out |    1|  ap_memory |     B_6_V    |     array    |
|B_6_V_we0       | out |    1|  ap_memory |     B_6_V    |     array    |
|B_6_V_d0        | out |   22|  ap_memory |     B_6_V    |     array    |
|B_7_V_address0  | out |    4|  ap_memory |     B_7_V    |     array    |
|B_7_V_ce0       | out |    1|  ap_memory |     B_7_V    |     array    |
|B_7_V_we0       | out |    1|  ap_memory |     B_7_V    |     array    |
|B_7_V_d0        | out |   22|  ap_memory |     B_7_V    |     array    |
|B_8_V_address0  | out |    4|  ap_memory |     B_8_V    |     array    |
|B_8_V_ce0       | out |    1|  ap_memory |     B_8_V    |     array    |
|B_8_V_we0       | out |    1|  ap_memory |     B_8_V    |     array    |
|B_8_V_d0        | out |   22|  ap_memory |     B_8_V    |     array    |
|B_9_V_address0  | out |    4|  ap_memory |     B_9_V    |     array    |
|B_9_V_ce0       | out |    1|  ap_memory |     B_9_V    |     array    |
|B_9_V_we0       | out |    1|  ap_memory |     B_9_V    |     array    |
|B_9_V_d0        | out |   22|  ap_memory |     B_9_V    |     array    |
+----------------+-----+-----+------------+--------------+--------------+

