INFO: [SIM 2] *************** CSIM start ***************
INFO: [SIM 4] CSIM will launch GCC as the compiler.
   Compiling ../../../../inver_aug_test.cpp in debug mode
   Compiling ../../../../axi_stream.cpp in debug mode
   Compiling ../../../../inver_aug.cpp in debug mode
   Generating csim.exe
The golden matrix is: 
-0.0499998	0.0899351	-0.17565	0.0941558	0.0896104	
0.0999999	-0.465584	0.494156	0.0974025	0.106494	
-0.1	0.829221	-0.857792	-0.37013	0.0753246	
0.1	-0.011039	0.0396104	0.00649354	-0.166234	
-0.1	-0.0214285	0.135714	0.0714286	-0.0285714	
The inverted matrix is 
-0.05	0.0899351	-0.175649	0.0941558	0.0896104	
0.1	-0.465584	0.494156	0.0974026	0.106494	
-0.0999998	0.829221	-0.857792	-0.37013	0.0753246	
0.1	-0.011039	0.0396103	0.00649354	-0.166234	
-0.1	-0.0214285	0.135714	0.0714286	-0.0285714	
The golden matrix is: 
-0.0140013	0.102676	-0.163037	0.130367	0.0460485	
-0.220286	0.615433	-0.498444	-0.0155569	0.591164	
-0.0339141	-0.0846298	0.249533	0.00466707	-0.177349	
0.180149	-0.321095	0.564406	-0.144057	-0.525825	
0.264468	-0.606098	0.301805	-0.0180461	-0.31425	
The inverted matrix is 
-0.0140013	0.102676	-0.163037	0.130367	0.0460485	
-0.220286	0.615433	-0.498444	-0.0155569	0.591164	
-0.0339141	-0.0846297	0.249533	0.00466708	-0.177349	
0.180149	-0.321095	0.564406	-0.144057	-0.525825	
0.264468	-0.606098	0.301805	-0.0180461	-0.31425	
The golden matrix is: 
-3.04166	3.44642	-3.71577	-0.370535	1.63244	
2.45833	-3.05357	3.15922	0.504463	-1.24256	
3.68132e-008	0.142857	-0.0357142	-0.178571	0.0357143	
2.33333	-2.71428	3.0119	0.392856	-1.34524	
-0.916665	1.25	-1.35416	-0.1875	0.520832	
The inverted matrix is 
-3.04166	3.44642	-3.71577	-0.370535	1.63244	
2.45833	-3.05357	3.15922	0.504464	-1.24256	
-2.23517e-008	0.142857	-0.0357144	-0.178571	0.0357143	
2.33333	-2.71428	3.0119	0.392857	-1.34524	
-0.916666	1.25	-1.35417	-0.1875	0.520833	
The golden matrix is: 
0.115384	0.634615	0.653846	-0.586538	-0.826923	
-1.03846	-8.21153	-4.88461	6.52884	7.9423	
0.846153	3.65384	2.46154	-3.13461	-3.73077	
0.192307	3.05769	1.42308	-2.14423	-2.71154	
0.038461	1.71154	0.884614	-1.27885	-1.44231	
The inverted matrix is 
0.115384	0.634614	0.653845	-0.586537	-0.826922	
-1.03846	-8.21153	-4.88461	6.52884	7.94229	
0.846151	3.65384	2.46153	-3.13461	-3.73076	
0.192306	3.05769	1.42307	-2.14423	-2.71153	
0.0384604	1.71154	0.884614	-1.27884	-1.44231	
The golden matrix is: 
0.104774	0.139661	-0.0823987	-0.0687595	0.00946852	
0.0570366	-0.166037	0.105225	-0.017528	0.00569239	
0.0520769	-0.00535422	-0.0145973	0.134194	-0.152905	
0.0303782	0.00445246	-0.0615454	0.0252494	0.0850476	
-0.202728	0.011103	0.125007	-0.0256439	0.0854985	
The inverted matrix is 
0.104774	0.139661	-0.0823987	-0.0687595	0.00946853	
0.0570366	-0.166037	0.105225	-0.017528	0.00569239	
0.0520768	-0.00535423	-0.0145974	0.134194	-0.152905	
0.0303782	0.00445246	-0.0615454	0.0252494	0.0850476	
-0.202728	0.011103	0.125007	-0.0256439	0.0854985	
The golden matrix is: 
0.0559256	-0.126498	0.621838	0.201066	-0.429428	
-0.185087	0.299601	-0.36751	-0.21305	0.385487	
0.292943	-0.186418	0.49534	0.243675	-0.606525	
0.0559254	-0.126498	-0.378162	0.201065	0.0705727	
-0.143808	0.182424	-0.17044	-0.374168	0.461385	
The inverted matrix is 
0.0559256	-0.126498	0.621838	0.201066	-0.429428	
-0.185087	0.299601	-0.36751	-0.213049	0.385486	
0.292943	-0.186418	0.49534	0.243675	-0.606525	
0.0559254	-0.126498	-0.378162	0.201065	0.0705726	
-0.143808	0.182424	-0.17044	-0.374168	0.461385	
The golden matrix is: 
0.181552	0.348463	-0.215227	0.00878476	-0.420205	
-0.0292826	-0.669107	0.325037	-0.0336749	0.777452	
0.00146415	1.08346	-0.316252	-0.0483163	-1.18887	
-0.185944	-0.0988286	0.163982	0.136164	-0.0131774	
0.0922401	-0.742313	0.0761347	-0.0439239	1.10103	
The inverted matrix is 
0.181552	0.348463	-0.215227	0.00878476	-0.420205	
-0.0292826	-0.669107	0.325037	-0.033675	0.777452	
0.00146416	1.08346	-0.316252	-0.0483163	-1.18887	
-0.185944	-0.0988285	0.163982	0.136164	-0.0131774	
0.0922401	-0.742313	0.0761347	-0.0439239	1.10102	
The golden matrix is: 
-0.0512493	-0.578501	0.138059	-0.0146427	0.491458	
-0.0707728	0.724927	-0.095061	-0.0202208	-0.511795	
0.0887856	0.453457	-0.0350959	-0.11749	-0.318536	
0.0723998	-0.16688	-0.052179	0.0206857	0.178733	
0.00476467	-0.365718	0.0687972	0.144218	0.167461	
The inverted matrix is 
-0.0512492	-0.578501	0.138059	-0.0146427	0.491458	
-0.0707728	0.724928	-0.095061	-0.0202209	-0.511796	
0.0887856	0.453458	-0.0350959	-0.11749	-0.318536	
0.0723998	-0.16688	-0.052179	0.0206857	0.178733	
0.0047647	-0.365718	0.0687973	0.144219	0.167461	
The golden matrix is: 
-0.0666669	3.53335	-1.60001	-2.93335	2.53335	
0.0166664	4.99169	-2.47501	-4.14169	3.86668	
0.0666671	-5.53336	2.60001	4.93336	-4.53335	
0.108333	0.695837	-0.337502	-0.670836	0.633336	
-0.0583333	-1.72084	0.912503	1.24584	-1.03334	
The inverted matrix is 
-0.0666625	3.53335	-1.60001	-2.93335	2.53335	
0.0166727	4.99169	-2.47501	-4.14169	3.86669	
0.0666596	-5.53337	2.60002	4.93336	-4.53336	
0.108334	0.695838	-0.337502	-0.670837	0.633337	
-0.0583351	-1.72084	0.912504	1.24584	-1.03334	
The golden matrix is: 
-0.39785	-0.290322	0.731183	0.204301	-0.236559	
-0.115293	-0.046595	-0.0884108	0.102748	0.0710872	
0.0522701	0.249104	-0.283752	-0.0621266	0.0558542	
0.318399	0.0716846	-0.299881	-0.0298686	0.0316607	
0.1819	0.0268817	0.0125447	-0.136201	0.0743728	
The inverted matrix is 
-0.397851	-0.290323	0.731184	0.204301	-0.236559	
-0.115293	-0.0465949	-0.0884107	0.102748	0.0710872	
0.0522703	0.249104	-0.283752	-0.0621267	0.0558543	
0.318399	0.0716846	-0.299881	-0.0298686	0.0316607	
0.1819	0.0268818	0.0125444	-0.136201	0.0743728	
The golden matrix is: 
0.645872	-0.233028	-0.286239	-0.0311927	0.0146789	
-0.0706423	0.134862	-0.0311925	0.144037	-0.126605	
-1.12936	0.0651376	0.631193	0.0559633	0.326606	
0.87156	-0.027523	-0.238532	-0.192661	-0.321101	
0.33578	0.0862385	-0.319266	0.00366972	-0.0605505	
The inverted matrix is 
0.645872	-0.233028	-0.286239	-0.0311927	0.0146789	
-0.0706422	0.134862	-0.0311927	0.144037	-0.126606	
-1.12936	0.0651377	0.631193	0.0559633	0.326605	
0.87156	-0.027523	-0.238532	-0.192661	-0.321101	
0.33578	0.0862385	-0.319266	0.00366973	-0.0605505	
The golden matrix is: 
0.251572	-0.115304	-0.486373	0.461216	-0.121593	
-0.088622	-0.0161997	0.444063	-0.298837	0.0655612	
0.162378	0.0619402	-0.168477	0.0249666	-0.133028	
-0.101772	0.099676	0.208881	-0.125977	-0.0386888	
-0.314465	0.0607967	0.274633	-0.243187	0.318658	
The inverted matrix is 
0.251572	-0.115304	-0.486373	0.461216	-0.121593	
-0.0886221	-0.0161997	0.444063	-0.298837	0.0655613	
0.162379	0.0619401	-0.168477	0.0249667	-0.133028	
-0.101772	0.099676	0.208881	-0.125977	-0.0386888	
-0.314465	0.0607967	0.274633	-0.243187	0.318658	
The golden matrix is: 
-0.115183	0.151833	0.0401398	-0.0549744	-0.0663177	
-0.340315	0.403142	0.164049	-0.594242	0.0767887	
1.04189	-1.41885	-0.650961	2.06545	0.205934	
-0.366493	0.664923	0.279233	-0.947646	-0.135253	
0.465969	-0.659687	-0.116929	0.790578	0.0410124	
The inverted matrix is 
-0.115184	0.151833	0.0401398	-0.0549744	-0.0663177	
-0.340315	0.403142	0.164049	-0.594242	0.0767888	
1.04189	-1.41885	-0.650961	2.06545	0.205934	
-0.366493	0.664923	0.279233	-0.947646	-0.135253	
0.465969	-0.659687	-0.116929	0.790577	0.0410123	
The golden matrix is: 
0.037296	0.118881	-0.189977	0.0221444	0.117716	
-0.0460374	0.118881	0.10169	-0.269522	0.159382	
0.0378789	-0.363636	0.0492424	0.405303	-0.200758	
0.174242	0.727272	0.0265152	-0.935605	0.276515	
-0.124126	-0.223776	0.0463287	0.387238	-0.16521	
The inverted matrix is 
0.037296	0.118881	-0.189977	0.022145	0.117715	
-0.0460372	0.118881	0.10169	-0.269522	0.159382	
0.0378787	-0.363636	0.0492424	0.405303	-0.200758	
0.174243	0.727273	0.0265151	-0.935606	0.276515	
-0.124126	-0.223776	0.0463287	0.387238	-0.16521	
The golden matrix is: 
-0.228745	-0.212551	0.139676	0.135627	0.277328	
0.311741	-0.117409	0.048583	-0.0107962	-0.265857	
0.0384615	0.115385	0.0384615	-0.0641025	-0.141026	
0.568826	-0.188259	0.0951417	-0.29892	-0.173414	
-0.427125	0.271255	-0.163968	0.203104	0.188934	
The inverted matrix is 
-0.228745	-0.212551	0.139676	0.135628	0.277328	
0.311741	-0.117409	0.048583	-0.0107963	-0.265857	
0.0384615	0.115385	0.0384615	-0.0641026	-0.141026	
0.568826	-0.188259	0.0951417	-0.29892	-0.173414	
-0.427126	0.271255	-0.163968	0.203104	0.188934	
The golden matrix is: 
0.0404286	0.461299	-0.546648	0.0183138	0.00691087	
-0.00397366	0.0444021	-0.0915687	-0.121458	0.161714	
-0.0514858	0.0535591	-0.0559779	0.121977	0.00829302	
0.138044	-0.412059	0.398411	0.0454388	-0.0960608	
-0.080857	0.0774015	0.0932965	-0.0366275	-0.0138217	
The inverted matrix is 
0.0404285	0.461299	-0.546648	0.0183138	0.00691083	
-0.00397378	0.0444022	-0.0915687	-0.121458	0.161714	
-0.0514858	0.053559	-0.0559779	0.121976	0.00829301	
0.138044	-0.412059	0.39841	0.0454388	-0.0960608	
-0.0808569	0.0774015	0.0932965	-0.0366275	-0.0138217	
The golden matrix is: 
0.0141995	0.110046	0.107916	-0.0351438	-0.134895	
0.0436635	0.0883919	-0.0681576	-0.0830671	0.085197	
0.14164	-0.15229	-0.123536	-0.0255591	0.15442	
-0.0152644	-0.868299	0.28399	0.0127795	0.645012	
-0.117856	1.08662	-0.295705	0.191693	-0.880369	
The inverted matrix is 
0.0141995	0.110046	0.107916	-0.0351438	-0.134895	
0.0436635	0.0883919	-0.0681576	-0.0830671	0.085197	
0.14164	-0.15229	-0.123536	-0.0255591	0.15442	
-0.0152644	-0.868299	0.28399	0.0127795	0.645012	
-0.117856	1.08662	-0.295705	0.191693	-0.880369	
The golden matrix is: 
-0.175492	-0.00695849	0.0415536	0.152297	-0.0266496	
-0.00281302	0.103094	-0.0482653	0.0131274	-0.00942606	
-0.231259	0.0543848	0.24261	0.0792084	-0.195973	
0.178453	0.00370133	-0.0433796	-0.166116	0.141835	
0.382915	-0.121206	-0.219464	-0.120268	0.195381	
The inverted matrix is 
-0.175492	-0.00695854	0.0415535	0.152297	-0.0266495	
-0.00281302	0.103094	-0.0482653	0.0131274	-0.00942606	
-0.231259	0.0543849	0.24261	0.0792084	-0.195973	
0.178453	0.0037013	-0.0433797	-0.166116	0.141835	
0.382915	-0.121206	-0.219464	-0.120269	0.195381	
The golden matrix is: 
-0.0719584	-0.0781823	0.0288174	0.0891807	0.063603	
0.170432	-0.0458692	0.0289027	-0.147242	0.0460398	
-0.167704	0.0748998	0.0410947	0.0443346	0.0344872	
0.323131	-0.0304374	0.102822	-0.125586	-0.181345	
-0.185864	0.0847898	-0.143576	0.135561	0.076605	
The inverted matrix is 
-0.0719584	-0.0781823	0.0288175	0.0891807	0.063603	
0.170432	-0.0458692	0.0289027	-0.147242	0.0460398	
-0.167704	0.0748998	0.0410947	0.0443345	0.0344872	
0.323131	-0.0304374	0.102822	-0.125586	-0.181345	
-0.185864	0.0847898	-0.143576	0.135561	0.076605	
The golden matrix is: 
-0.333333	-2.33333	5.25383e-008	1.33333	1.01415e-007	
0.250969	0.649225	-0.0813954	-0.410853	0.0319767	
-0.0106589	-0.641472	-0.104651	0.51938	-0.101744	
0.164729	1.36822	0.162791	-0.844961	-0.0639536	
0.0348838	1.37209	0.0697674	-0.790697	0.151163	
The inverted matrix is 
-0.333333	-2.33333	1.3515e-008	1.33333	1.2614e-007	
0.250969	0.649225	-0.0813953	-0.410853	0.0319767	
-0.0106589	-0.641472	-0.104651	0.51938	-0.101744	
0.164729	1.36822	0.162791	-0.844961	-0.0639536	
0.0348837	1.37209	0.0697674	-0.790697	0.151163	
The total absolute error is: 0.00019674
INFO: [SIM 1] CSim done with 0 errors.
INFO: [SIM 3] *************** CSIM finish ***************
