

================================================================
== Vivado HLS Report for 'inverse'
================================================================
* Date:           Wed Jul 31 03:37:28 2024

* Version:        2020.1 (Build 2897737 on Wed May 27 20:21:37 MDT 2020)
* Project:        inver_aug
* Solution:       solution1
* Product family: zynquplus
* Target device:  xqzu5ev-ffrb900-1-i


================================================================
== Performance Estimates
================================================================
+ Timing: 
    * Summary: 
    +--------+----------+----------+------------+
    |  Clock |  Target  | Estimated| Uncertainty|
    +--------+----------+----------+------------+
    |ap_clk  | 10.00 ns | 7.163 ns |   1.25 ns  |
    +--------+----------+----------+------------+

+ Latency: 
    * Summary: 
    +---------+---------+-----------+----------+------+-------+---------+
    |  Latency (cycles) |  Latency (absolute)  |   Interval   | Pipeline|
    |   min   |   max   |    min    |    max   |  min |  max  |   Type  |
    +---------+---------+-----------+----------+------+-------+---------+
    |     8595|    12695| 85.950 us | 0.127 ms |  8595|  12695|   none  |
    +---------+---------+-----------+----------+------+-------+---------+

    + Detail: 
        * Instance: 
        N/A

        * Loop: 
        +------------------------+---------+---------+------------+-----------+-----------+------+----------+
        |                        |  Latency (cycles) |  Iteration |  Initiation Interval  | Trip |          |
        |        Loop Name       |   min   |   max   |   Latency  |  achieved |   target  | Count| Pipelined|
        +------------------------+---------+---------+------------+-----------+-----------+------+----------+
        |- Ini_Aug_loop          |      100|      100|          10|         10|          1|    10|    yes   |
        |- Row_Operation         |     8440|    12540| 844 ~ 1254 |          -|          -|    10|    no    |
        | + Row_Operation.1      |      820|      820|          41|          -|          -|    20|    no    |
        | + Row_Operation.2      |       20|      430|   2 ~ 43   |          -|          -|    10|    no    |
        |  ++ Row_Operation.2.1  |       40|       40|           2|          -|          -|    20|    no    |
        |- Extract_loop          |       50|       50|           6|          5|          1|    10|    yes   |
        +------------------------+---------+---------+------------+-----------+-----------+------+----------+



================================================================
== Utilization Estimates
================================================================
* Summary: 
+-----------------+---------+-------+--------+--------+-----+
|       Name      | BRAM_18K| DSP48E|   FF   |   LUT  | URAM|
+-----------------+---------+-------+--------+--------+-----+
|DSP              |        -|      -|       -|       -|    -|
|Expression       |        -|      2|       0|    1328|    -|
|FIFO             |        -|      -|       -|       -|    -|
|Instance         |        -|      -|     442|     268|    -|
|Memory           |        2|      -|       0|       0|    0|
|Multiplexer      |        -|      -|       -|     797|    -|
|Register         |        -|      -|     343|       -|    -|
+-----------------+---------+-------+--------+--------+-----+
|Total            |        2|      2|     785|    2393|    0|
+-----------------+---------+-------+--------+--------+-----+
|Available        |      288|   1248|  234240|  117120|   64|
+-----------------+---------+-------+--------+--------+-----+
|Utilization (%)  |    ~0   |   ~0  |   ~0   |       2|    0|
+-----------------+---------+-------+--------+--------+-----+

+ Detail: 
    * Instance: 
    +-------------------------+----------------------+---------+-------+-----+-----+-----+
    |         Instance        |        Module        | BRAM_18K| DSP48E|  FF | LUT | URAM|
    +-------------------------+----------------------+---------+-------+-----+-----+-----+
    |inverse_sdiv_36nsbkb_U1  |inverse_sdiv_36nsbkb  |        0|      0|  442|  268|    0|
    +-------------------------+----------------------+---------+-------+-----+-----+-----+
    |Total                    |                      |        0|      0|  442|  268|    0|
    +-------------------------+----------------------+---------+-------+-----+-----+-----+

    * DSP48E: 
    N/A

    * Memory: 
    +---------+---------------+---------+---+----+-----+------+-----+------+-------------+
    |  Memory |     Module    | BRAM_18K| FF| LUT| URAM| Words| Bits| Banks| W*Bits*Banks|
    +---------+---------------+---------+---+----+-----+------+-----+------+-------------+
    |aug_V_U  |inverse_aug_V  |        2|  0|   0|    0|   200|   22|     1|         4400|
    +---------+---------------+---------+---+----+-----+------+-----+------+-------------+
    |Total    |               |        2|  0|   0|    0|   200|   22|     1|         4400|
    +---------+---------------+---------+---+----+-----+------+-----+------+-------------+

    * FIFO: 
    N/A

    * Expression: 
    +--------------------------+----------+-------+---+----+------------+------------+
    |       Variable Name      | Operation| DSP48E| FF| LUT| Bitwidth P0| Bitwidth P1|
    +--------------------------+----------+-------+---+----+------------+------------+
    |mul_ln1193_fu_1494_p2     |     *    |      2|  0|  23|          22|          22|
    |add_ln1116_fu_1470_p2     |     +    |      0|  0|  16|           9|           9|
    |add_ln1265_1_fu_1480_p2   |     +    |      0|  0|  16|           9|           9|
    |add_ln1265_fu_1364_p2     |     +    |      0|  0|  16|           9|           9|
    |add_ln203_10_fu_879_p2    |     +    |      0|  0|  16|           9|           4|
    |add_ln203_11_fu_933_p2    |     +    |      0|  0|  16|           9|           4|
    |add_ln203_12_fu_943_p2    |     +    |      0|  0|  16|           9|           4|
    |add_ln203_13_fu_997_p2    |     +    |      0|  0|  16|           9|           5|
    |add_ln203_14_fu_1007_p2   |     +    |      0|  0|  16|           9|           5|
    |add_ln203_15_fu_1061_p2   |     +    |      0|  0|  16|           9|           5|
    |add_ln203_16_fu_1071_p2   |     +    |      0|  0|  16|           9|           5|
    |add_ln203_17_fu_1327_p2   |     +    |      0|  0|  16|           9|           9|
    |add_ln203_18_fu_1333_p2   |     +    |      0|  0|  16|           9|           9|
    |add_ln203_19_fu_1560_p2   |     +    |      0|  0|  15|           8|           8|
    |add_ln203_1_fu_1179_p2    |     +    |      0|  0|  16|           9|           3|
    |add_ln203_20_fu_1652_p2   |     +    |      0|  0|  15|           8|           2|
    |add_ln203_21_fu_1662_p2   |     +    |      0|  0|  15|           8|           2|
    |add_ln203_22_fu_1692_p2   |     +    |      0|  0|  15|           8|           3|
    |add_ln203_23_fu_1702_p2   |     +    |      0|  0|  15|           8|           3|
    |add_ln203_24_fu_1732_p2   |     +    |      0|  0|  15|           8|           3|
    |add_ln203_25_fu_1742_p2   |     +    |      0|  0|  15|           8|           3|
    |add_ln203_26_fu_1772_p2   |     +    |      0|  0|  15|           8|           4|
    |add_ln203_27_fu_1782_p2   |     +    |      0|  0|  15|           8|           4|
    |add_ln203_28_fu_1590_p2   |     +    |      0|  0|  16|           9|           9|
    |add_ln203_29_fu_1596_p2   |     +    |      0|  0|  16|           9|           4|
    |add_ln203_2_fu_1189_p2    |     +    |      0|  0|  16|           9|           3|
    |add_ln203_30_fu_1607_p2   |     +    |      0|  0|  16|           9|           4|
    |add_ln203_31_fu_1632_p2   |     +    |      0|  0|  16|           9|           4|
    |add_ln203_32_fu_1642_p2   |     +    |      0|  0|  16|           9|           4|
    |add_ln203_33_fu_1672_p2   |     +    |      0|  0|  16|           9|           4|
    |add_ln203_34_fu_1682_p2   |     +    |      0|  0|  16|           9|           4|
    |add_ln203_35_fu_1712_p2   |     +    |      0|  0|  16|           9|           5|
    |add_ln203_36_fu_1722_p2   |     +    |      0|  0|  16|           9|           5|
    |add_ln203_37_fu_1752_p2   |     +    |      0|  0|  16|           9|           5|
    |add_ln203_38_fu_1762_p2   |     +    |      0|  0|  16|           9|           5|
    |add_ln203_39_fu_1434_p2   |     +    |      0|  0|  16|           9|           9|
    |add_ln203_3_fu_1215_p2    |     +    |      0|  0|  16|           9|           3|
    |add_ln203_40_fu_1440_p2   |     +    |      0|  0|  16|           9|           9|
    |add_ln203_4_fu_1225_p2    |     +    |      0|  0|  16|           9|           3|
    |add_ln203_5_fu_1251_p2    |     +    |      0|  0|  16|           9|           4|
    |add_ln203_6_fu_1261_p2    |     +    |      0|  0|  16|           9|           4|
    |add_ln203_7_fu_749_p2     |     +    |      0|  0|  16|           9|           4|
    |add_ln203_8_fu_760_p2     |     +    |      0|  0|  16|           9|           4|
    |add_ln203_9_fu_869_p2     |     +    |      0|  0|  16|           9|           4|
    |add_ln203_fu_743_p2       |     +    |      0|  0|  16|           9|           9|
    |add_ln37_1_fu_849_p2      |     +    |      0|  0|  15|           8|           2|
    |add_ln37_2_fu_859_p2      |     +    |      0|  0|  15|           8|           2|
    |add_ln37_3_fu_913_p2      |     +    |      0|  0|  15|           8|           3|
    |add_ln37_4_fu_923_p2      |     +    |      0|  0|  15|           8|           3|
    |add_ln37_5_fu_977_p2      |     +    |      0|  0|  15|           8|           3|
    |add_ln37_6_fu_987_p2      |     +    |      0|  0|  15|           8|           3|
    |add_ln37_7_fu_1041_p2     |     +    |      0|  0|  15|           8|           4|
    |add_ln37_8_fu_1051_p2     |     +    |      0|  0|  15|           8|           4|
    |add_ln37_fu_697_p2        |     +    |      0|  0|  15|           8|           8|
    |i_3_fu_1530_p2            |     +    |      0|  0|  12|           4|           1|
    |i_4_fu_1293_p2            |     +    |      0|  0|  12|           4|           1|
    |i_fu_667_p2               |     +    |      0|  0|  12|           4|           1|
    |j_1_fu_1398_p2            |     +    |      0|  0|  12|           4|           1|
    |j_fu_1354_p2              |     +    |      0|  0|  15|           5|           1|
    |k_fu_1460_p2              |     +    |      0|  0|  15|           5|           1|
    |ret_V_fu_1507_p2          |     -    |      0|  0|  43|          36|          36|
    |icmp_ln34_fu_661_p2       |   icmp   |      0|  0|   9|           4|           4|
    |icmp_ln41_1_fu_786_p2     |   icmp   |      0|  0|   9|           4|           1|
    |icmp_ln41_2_fu_801_p2     |   icmp   |      0|  0|   9|           4|           2|
    |icmp_ln41_3_fu_807_p2     |   icmp   |      0|  0|   9|           4|           2|
    |icmp_ln41_4_fu_813_p2     |   icmp   |      0|  0|   9|           4|           3|
    |icmp_ln41_5_fu_819_p2     |   icmp   |      0|  0|   9|           4|           3|
    |icmp_ln41_6_fu_825_p2     |   icmp   |      0|  0|   9|           4|           3|
    |icmp_ln41_7_fu_831_p2     |   icmp   |      0|  0|   9|           4|           3|
    |icmp_ln41_8_fu_837_p2     |   icmp   |      0|  0|  11|           4|           5|
    |icmp_ln41_9_fu_843_p2     |   icmp   |      0|  0|   9|           4|           4|
    |icmp_ln41_fu_771_p2       |   icmp   |      0|  0|   9|           4|           1|
    |icmp_ln47_fu_1287_p2      |   icmp   |      0|  0|   9|           4|           4|
    |icmp_ln52_fu_1348_p2      |   icmp   |      0|  0|  11|           5|           5|
    |icmp_ln57_fu_1392_p2      |   icmp   |      0|  0|   9|           4|           4|
    |icmp_ln58_fu_1404_p2      |   icmp   |      0|  0|   9|           4|           4|
    |icmp_ln60_fu_1454_p2      |   icmp   |      0|  0|  11|           5|           5|
    |icmp_ln69_fu_1524_p2      |   icmp   |      0|  0|   9|           4|           4|
    |or_ln203_1_fu_1143_p2     |    or    |      0|  0|   9|           2|           9|
    |or_ln203_2_fu_1153_p2     |    or    |      0|  0|   9|           2|           9|
    |or_ln203_3_fu_1622_p2     |    or    |      0|  0|   8|           1|           8|
    |or_ln203_fu_1109_p2       |    or    |      0|  0|   9|           1|           9|
    |or_ln37_fu_708_p2         |    or    |      0|  0|   8|           1|           8|
    |select_ln41_1_fu_792_p3   |  select  |      0|  0|  15|           1|          15|
    |select_ln41_2_fu_897_p3   |  select  |      0|  0|  15|           1|          15|
    |select_ln41_3_fu_905_p3   |  select  |      0|  0|  15|           1|          15|
    |select_ln41_4_fu_961_p3   |  select  |      0|  0|  15|           1|          15|
    |select_ln41_5_fu_969_p3   |  select  |      0|  0|  15|           1|          15|
    |select_ln41_6_fu_1025_p3  |  select  |      0|  0|  15|           1|          15|
    |select_ln41_7_fu_1033_p3  |  select  |      0|  0|  15|           1|          15|
    |select_ln41_8_fu_1089_p3  |  select  |      0|  0|  15|           1|          15|
    |select_ln41_9_fu_1097_p3  |  select  |      0|  0|  15|           1|          15|
    |select_ln41_fu_777_p3     |  select  |      0|  0|  15|           1|          15|
    |ap_enable_pp1             |    xor   |      0|  0|   2|           1|           2|
    +--------------------------+----------+-------+---+----+------------+------------+
    |Total                     |          |      2|  0|1328|         631|         569|
    +--------------------------+----------+-------+---+----+------------+------------+

    * Multiplexer: 
    +------------------------------+-----+-----------+-----+-----------+
    |             Name             | LUT | Input Size| Bits| Total Bits|
    +------------------------------+-----+-----------+-----+-----------+
    |A_address0                    |   33|          6|    7|         42|
    |A_address1                    |   33|          6|    7|         42|
    |B_V_address0                  |   33|          6|    7|         42|
    |B_V_address1                  |   33|          6|    7|         42|
    |ap_NS_fsm                     |  297|         66|    1|         66|
    |ap_enable_reg_pp1_iter1       |    9|          2|    1|          2|
    |ap_phi_mux_i_2_phi_fu_654_p4  |    9|          2|    4|          8|
    |aug_V_address0                |   97|         20|    8|        160|
    |aug_V_address1                |   93|         19|    8|        152|
    |aug_V_d0                      |   56|         13|   22|        286|
    |aug_V_d1                      |   50|         11|   22|        242|
    |i_0_reg_594                   |    9|          2|    4|          8|
    |i_1_reg_605                   |    9|          2|    4|          8|
    |i_2_reg_650                   |    9|          2|    4|          8|
    |j_2_reg_617                   |    9|          2|    5|         10|
    |j_3_reg_628                   |    9|          2|    4|          8|
    |k_0_reg_639                   |    9|          2|    5|         10|
    +------------------------------+-----+-----------+-----+-----------+
    |Total                         |  797|        169|  120|       1136|
    +------------------------------+-----+-----------+-----+-----------+

    * Register: 
    +-------------------------+----+----+-----+-----------+
    |           Name          | FF | LUT| Bits| Const Bits|
    +-------------------------+----+----+-----+-----------+
    |add_ln203_17_reg_1988    |   7|   0|    9|          2|
    |add_ln203_19_reg_2078    |   7|   0|    8|          1|
    |add_ln203_28_reg_2092    |   7|   0|    9|          2|
    |add_ln203_39_reg_2035    |   7|   0|    9|          2|
    |add_ln203_reg_1822       |   7|   0|    9|          2|
    |add_ln37_reg_1800        |   7|   0|    8|          1|
    |ap_CS_fsm                |  65|   0|   65|          0|
    |ap_enable_reg_pp1_iter0  |   1|   0|    1|          0|
    |ap_enable_reg_pp1_iter1  |   1|   0|    1|          0|
    |aug_V_addr_2_reg_2012    |   8|   0|    8|          0|
    |aug_V_addr_7_reg_2063    |   8|   0|    8|          0|
    |i_0_reg_594              |   4|   0|    4|          0|
    |i_1_reg_605              |   4|   0|    4|          0|
    |i_2_reg_650              |   4|   0|    4|          0|
    |i_3_reg_2073             |   4|   0|    4|          0|
    |i_4_reg_1978             |   4|   0|    4|          0|
    |i_reg_1795               |   4|   0|    4|          0|
    |icmp_ln41_2_reg_1844     |   1|   0|    1|          0|
    |icmp_ln41_3_reg_1849     |   1|   0|    1|          0|
    |icmp_ln41_4_reg_1854     |   1|   0|    1|          0|
    |icmp_ln41_5_reg_1859     |   1|   0|    1|          0|
    |icmp_ln41_6_reg_1864     |   1|   0|    1|          0|
    |icmp_ln41_7_reg_1869     |   1|   0|    1|          0|
    |icmp_ln41_8_reg_1874     |   1|   0|    1|          0|
    |icmp_ln41_9_reg_1879     |   1|   0|    1|          0|
    |icmp_ln58_reg_2031       |   1|   0|    1|          0|
    |icmp_ln69_reg_2069       |   1|   0|    1|          0|
    |j_1_reg_2026             |   4|   0|    4|          0|
    |j_2_reg_617              |   5|   0|    5|          0|
    |j_3_reg_628              |   4|   0|    4|          0|
    |j_reg_2007               |   5|   0|    5|          0|
    |k_0_reg_639              |   5|   0|    5|          0|
    |k_reg_2053               |   5|   0|    5|          0|
    |sext_ln1148_reg_1999     |  36|   0|   36|          0|
    |sext_ln1193_reg_2045     |  36|   0|   36|          0|
    |trunc_ln731_1_reg_1899   |   8|   0|    8|          0|
    |trunc_ln731_2_reg_1914   |   8|   0|    8|          0|
    |trunc_ln731_3_reg_1919   |   8|   0|    8|          0|
    |trunc_ln731_4_reg_1934   |   8|   0|    8|          0|
    |trunc_ln731_5_reg_1939   |   8|   0|    8|          0|
    |trunc_ln731_6_reg_1954   |   8|   0|    8|          0|
    |trunc_ln731_7_reg_1959   |   8|   0|    8|          0|
    |trunc_ln731_8_reg_1964   |   8|   0|    8|          0|
    |trunc_ln731_9_reg_1969   |   8|   0|    8|          0|
    |trunc_ln731_reg_1894     |   8|   0|    8|          0|
    |zext_ln203_6_reg_1983    |   4|   0|    9|          5|
    +-------------------------+----+----+-----+-----------+
    |Total                    | 343|   0|  358|         15|
    +-------------------------+----+----+-----+-----------+



================================================================
== Interface
================================================================
* Summary: 
+--------------+-----+-----+------------+--------------+--------------+
|   RTL Ports  | Dir | Bits|  Protocol  | Source Object|    C Type    |
+--------------+-----+-----+------------+--------------+--------------+
|ap_clk        |  in |    1| ap_ctrl_hs |    inverse   | return value |
|ap_rst        |  in |    1| ap_ctrl_hs |    inverse   | return value |
|ap_start      |  in |    1| ap_ctrl_hs |    inverse   | return value |
|ap_done       | out |    1| ap_ctrl_hs |    inverse   | return value |
|ap_idle       | out |    1| ap_ctrl_hs |    inverse   | return value |
|ap_ready      | out |    1| ap_ctrl_hs |    inverse   | return value |
|A_address0    | out |    7|  ap_memory |       A      |     array    |
|A_ce0         | out |    1|  ap_memory |       A      |     array    |
|A_q0          |  in |   32|  ap_memory |       A      |     array    |
|A_address1    | out |    7|  ap_memory |       A      |     array    |
|A_ce1         | out |    1|  ap_memory |       A      |     array    |
|A_q1          |  in |   32|  ap_memory |       A      |     array    |
|B_V_address0  | out |    7|  ap_memory |      B_V     |     array    |
|B_V_ce0       | out |    1|  ap_memory |      B_V     |     array    |
|B_V_we0       | out |    1|  ap_memory |      B_V     |     array    |
|B_V_d0        | out |   22|  ap_memory |      B_V     |     array    |
|B_V_address1  | out |    7|  ap_memory |      B_V     |     array    |
|B_V_ce1       | out |    1|  ap_memory |      B_V     |     array    |
|B_V_we1       | out |    1|  ap_memory |      B_V     |     array    |
|B_V_d1        | out |   22|  ap_memory |      B_V     |     array    |
+--------------+-----+-----+------------+--------------+--------------+

