
*** Running vivado
    with args -log design_4_wrapper.vds -m64 -product Vivado -mode batch -messageDb vivado.pb -notrace -source design_4_wrapper.tcl



****** Vivado v2021.2 (64-bit)
  **** SW Build 3367213 on Tue Oct 19 02:48:09 MDT 2021
  **** IP Build 3369179 on Thu Oct 21 08:25:16 MDT 2021
    ** Copyright 1986-2021 Xilinx, Inc. All Rights Reserved.

source design_4_wrapper.tcl -notrace
INFO: [IP_Flow 19-234] Refreshing IP repositories
INFO: [IP_Flow 19-1700] Loaded user IP repository 'h:/UbuntuShared/4601/Vivado_HLS/fir_demo_stream'.
INFO: [IP_Flow 19-2313] Loaded Vivado IP repository 'D:/Xilinx/Vivado/2021.2/data/ip'.
Command: read_checkpoint -auto_incremental -incremental H:/UbuntuShared/4601/Vivado/baseDesign_stream/baseline_hls.srcs/utils_1/imports/synth_1/design_4_wrapper.dcp
INFO: [Vivado 12-5825] Read reference checkpoint from H:/UbuntuShared/4601/Vivado/baseDesign_stream/baseline_hls.srcs/utils_1/imports/synth_1/design_4_wrapper.dcp for incremental synthesis
INFO: [Vivado 12-7989] Please ensure there are no constraint changes
Command: synth_design -top design_4_wrapper -part xck26-sfvc784-2LV-c
Starting synth_design
Attempting to get a license for feature 'Synthesis' and/or device 'xck26'
INFO: [Common 17-349] Got license for feature 'Synthesis' and/or device 'xck26'
INFO: [Device 21-403] Loading part xck26-sfvc784-2LV-c
WARNING: [Designutils 20-4072] Reference run did not run incremental synthesis because the design is too small; reverting to default synthesis
INFO: [Designutils 20-4379] Flow is switching to default flow due to incremental criteria not met. If you would like to alter this behaviour and have the flow terminate instead, please set the following parameter config_implementation {autoIncr.Synth.RejectBehavior Terminate}
INFO: [Synth 8-7079] Multithreading enabled for synth_design using a maximum of 2 processes.
INFO: [Synth 8-7078] Launching helper process for spawning children vivado processes
INFO: [Synth 8-7075] Helper process launched with PID 11008
---------------------------------------------------------------------------------
Starting RTL Elaboration : Time (s): cpu = 00:00:03 ; elapsed = 00:00:03 . Memory (MB): peak = 1649.945 ; gain = 247.949
---------------------------------------------------------------------------------
INFO: [Synth 8-6157] synthesizing module 'design_4_wrapper' [H:/UbuntuShared/4601/Vivado/baseDesign_stream/baseline_hls.srcs/sources_1/imports/design_4_wrapper.v:12]
INFO: [Synth 8-6157] synthesizing module 'design_4' [h:/UbuntuShared/4601/Vivado/baseDesign_stream/baseline_hls.gen/sources_1/bd/design_4/synth/design_4.v:13]
INFO: [Synth 8-6157] synthesizing module 'design_4_axcache_cst_0' [h:/UbuntuShared/4601/Vivado/baseDesign_stream/baseline_hls.gen/sources_1/bd/design_4/ip/design_4_axcache_cst_0/synth/design_4_axcache_cst_0.v:57]
INFO: [Synth 8-6157] synthesizing module 'xlconstant_v1_1_7_xlconstant' [h:/UbuntuShared/4601/Vivado/baseDesign_stream/baseline_hls.gen/sources_1/bd/design_4/ipshared/fcfc/hdl/xlconstant_v1_1_vl_rfs.v:23]
INFO: [Synth 8-6155] done synthesizing module 'xlconstant_v1_1_7_xlconstant' (1#1) [h:/UbuntuShared/4601/Vivado/baseDesign_stream/baseline_hls.gen/sources_1/bd/design_4/ipshared/fcfc/hdl/xlconstant_v1_1_vl_rfs.v:23]
INFO: [Synth 8-6155] done synthesizing module 'design_4_axcache_cst_0' (2#1) [h:/UbuntuShared/4601/Vivado/baseDesign_stream/baseline_hls.gen/sources_1/bd/design_4/ip/design_4_axcache_cst_0/synth/design_4_axcache_cst_0.v:57]
INFO: [Synth 8-6157] synthesizing module 'design_4_axi_dma_0_1' [H:/UbuntuShared/4601/Vivado/baseDesign_stream/baseline_hls.runs/synth_1/.Xil/Vivado-13200-Haoxi-PC/realtime/design_4_axi_dma_0_1_stub.v:6]
INFO: [Synth 8-6155] done synthesizing module 'design_4_axi_dma_0_1' (3#1) [H:/UbuntuShared/4601/Vivado/baseDesign_stream/baseline_hls.runs/synth_1/.Xil/Vivado-13200-Haoxi-PC/realtime/design_4_axi_dma_0_1_stub.v:6]
WARNING: [Synth 8-7071] port 'm_axi_mm2s_arprot' of module 'design_4_axi_dma_0_1' is unconnected for instance 'axi_dma_0' [h:/UbuntuShared/4601/Vivado/baseDesign_stream/baseline_hls.gen/sources_1/bd/design_4/synth/design_4.v:195]
WARNING: [Synth 8-7071] port 'm_axi_mm2s_arcache' of module 'design_4_axi_dma_0_1' is unconnected for instance 'axi_dma_0' [h:/UbuntuShared/4601/Vivado/baseDesign_stream/baseline_hls.gen/sources_1/bd/design_4/synth/design_4.v:195]
WARNING: [Synth 8-7071] port 'mm2s_prmry_reset_out_n' of module 'design_4_axi_dma_0_1' is unconnected for instance 'axi_dma_0' [h:/UbuntuShared/4601/Vivado/baseDesign_stream/baseline_hls.gen/sources_1/bd/design_4/synth/design_4.v:195]
WARNING: [Synth 8-7071] port 'm_axi_s2mm_awprot' of module 'design_4_axi_dma_0_1' is unconnected for instance 'axi_dma_0' [h:/UbuntuShared/4601/Vivado/baseDesign_stream/baseline_hls.gen/sources_1/bd/design_4/synth/design_4.v:195]
WARNING: [Synth 8-7071] port 'm_axi_s2mm_awcache' of module 'design_4_axi_dma_0_1' is unconnected for instance 'axi_dma_0' [h:/UbuntuShared/4601/Vivado/baseDesign_stream/baseline_hls.gen/sources_1/bd/design_4/synth/design_4.v:195]
WARNING: [Synth 8-7071] port 's2mm_prmry_reset_out_n' of module 'design_4_axi_dma_0_1' is unconnected for instance 'axi_dma_0' [h:/UbuntuShared/4601/Vivado/baseDesign_stream/baseline_hls.gen/sources_1/bd/design_4/synth/design_4.v:195]
WARNING: [Synth 8-7071] port 'axi_dma_tstvec' of module 'design_4_axi_dma_0_1' is unconnected for instance 'axi_dma_0' [h:/UbuntuShared/4601/Vivado/baseDesign_stream/baseline_hls.gen/sources_1/bd/design_4/synth/design_4.v:195]
WARNING: [Synth 8-7023] instance 'axi_dma_0' of module 'design_4_axi_dma_0_1' has 94 connections declared, but only 87 given [h:/UbuntuShared/4601/Vivado/baseDesign_stream/baseline_hls.gen/sources_1/bd/design_4/synth/design_4.v:195]
INFO: [Synth 8-6157] synthesizing module 'design_4_axi_interconnect_0_0' [h:/UbuntuShared/4601/Vivado/baseDesign_stream/baseline_hls.gen/sources_1/bd/design_4/synth/design_4.v:594]
INFO: [Synth 8-6157] synthesizing module 'm00_couplers_imp_1PPME6P' [h:/UbuntuShared/4601/Vivado/baseDesign_stream/baseline_hls.gen/sources_1/bd/design_4/synth/design_4.v:1894]
INFO: [Synth 8-6155] done synthesizing module 'm00_couplers_imp_1PPME6P' (4#1) [h:/UbuntuShared/4601/Vivado/baseDesign_stream/baseline_hls.gen/sources_1/bd/design_4/synth/design_4.v:1894]
INFO: [Synth 8-6157] synthesizing module 's00_couplers_imp_AWYVWZ' [h:/UbuntuShared/4601/Vivado/baseDesign_stream/baseline_hls.gen/sources_1/bd/design_4/synth/design_4.v:2697]
INFO: [Synth 8-6155] done synthesizing module 's00_couplers_imp_AWYVWZ' (5#1) [h:/UbuntuShared/4601/Vivado/baseDesign_stream/baseline_hls.gen/sources_1/bd/design_4/synth/design_4.v:2697]
INFO: [Synth 8-6157] synthesizing module 's01_couplers_imp_1JHZ3EA' [h:/UbuntuShared/4601/Vivado/baseDesign_stream/baseline_hls.gen/sources_1/bd/design_4/synth/design_4.v:2801]
INFO: [Synth 8-6155] done synthesizing module 's01_couplers_imp_1JHZ3EA' (6#1) [h:/UbuntuShared/4601/Vivado/baseDesign_stream/baseline_hls.gen/sources_1/bd/design_4/synth/design_4.v:2801]
INFO: [Synth 8-6157] synthesizing module 's02_couplers_imp_9KQHZK' [h:/UbuntuShared/4601/Vivado/baseDesign_stream/baseline_hls.gen/sources_1/bd/design_4/synth/design_4.v:2926]
INFO: [Synth 8-6155] done synthesizing module 's02_couplers_imp_9KQHZK' (7#1) [h:/UbuntuShared/4601/Vivado/baseDesign_stream/baseline_hls.gen/sources_1/bd/design_4/synth/design_4.v:2926]
INFO: [Synth 8-6157] synthesizing module 'design_4_xbar_0' [H:/UbuntuShared/4601/Vivado/baseDesign_stream/baseline_hls.runs/synth_1/.Xil/Vivado-13200-Haoxi-PC/realtime/design_4_xbar_0_stub.v:6]
INFO: [Synth 8-6155] done synthesizing module 'design_4_xbar_0' (8#1) [H:/UbuntuShared/4601/Vivado/baseDesign_stream/baseline_hls.runs/synth_1/.Xil/Vivado-13200-Haoxi-PC/realtime/design_4_xbar_0_stub.v:6]
WARNING: [Synth 8-7071] port 's_axi_bid' of module 'design_4_xbar_0' is unconnected for instance 'xbar' [h:/UbuntuShared/4601/Vivado/baseDesign_stream/baseline_hls.gen/sources_1/bd/design_4/synth/design_4.v:1287]
WARNING: [Synth 8-7071] port 's_axi_rid' of module 'design_4_xbar_0' is unconnected for instance 'xbar' [h:/UbuntuShared/4601/Vivado/baseDesign_stream/baseline_hls.gen/sources_1/bd/design_4/synth/design_4.v:1287]
WARNING: [Synth 8-7071] port 'm_axi_awregion' of module 'design_4_xbar_0' is unconnected for instance 'xbar' [h:/UbuntuShared/4601/Vivado/baseDesign_stream/baseline_hls.gen/sources_1/bd/design_4/synth/design_4.v:1287]
WARNING: [Synth 8-7071] port 'm_axi_arregion' of module 'design_4_xbar_0' is unconnected for instance 'xbar' [h:/UbuntuShared/4601/Vivado/baseDesign_stream/baseline_hls.gen/sources_1/bd/design_4/synth/design_4.v:1287]
WARNING: [Synth 8-7023] instance 'xbar' of module 'design_4_xbar_0' has 74 connections declared, but only 70 given [h:/UbuntuShared/4601/Vivado/baseDesign_stream/baseline_hls.gen/sources_1/bd/design_4/synth/design_4.v:1287]
INFO: [Synth 8-6155] done synthesizing module 'design_4_axi_interconnect_0_0' (9#1) [h:/UbuntuShared/4601/Vivado/baseDesign_stream/baseline_hls.gen/sources_1/bd/design_4/synth/design_4.v:594]
INFO: [Synth 8-6157] synthesizing module 'design_4_axprot_cst_0' [h:/UbuntuShared/4601/Vivado/baseDesign_stream/baseline_hls.gen/sources_1/bd/design_4/ip/design_4_axprot_cst_0/synth/design_4_axprot_cst_0.v:57]
INFO: [Synth 8-6157] synthesizing module 'xlconstant_v1_1_7_xlconstant__parameterized0' [h:/UbuntuShared/4601/Vivado/baseDesign_stream/baseline_hls.gen/sources_1/bd/design_4/ipshared/fcfc/hdl/xlconstant_v1_1_vl_rfs.v:23]
INFO: [Synth 8-6155] done synthesizing module 'xlconstant_v1_1_7_xlconstant__parameterized0' (9#1) [h:/UbuntuShared/4601/Vivado/baseDesign_stream/baseline_hls.gen/sources_1/bd/design_4/ipshared/fcfc/hdl/xlconstant_v1_1_vl_rfs.v:23]
INFO: [Synth 8-6155] done synthesizing module 'design_4_axprot_cst_0' (10#1) [h:/UbuntuShared/4601/Vivado/baseDesign_stream/baseline_hls.gen/sources_1/bd/design_4/ip/design_4_axprot_cst_0/synth/design_4_axprot_cst_0.v:57]
INFO: [Synth 8-6157] synthesizing module 'design_4_fir_stream_0_2' [H:/UbuntuShared/4601/Vivado/baseDesign_stream/baseline_hls.runs/synth_1/.Xil/Vivado-13200-Haoxi-PC/realtime/design_4_fir_stream_0_2_stub.v:6]
INFO: [Synth 8-6155] done synthesizing module 'design_4_fir_stream_0_2' (11#1) [H:/UbuntuShared/4601/Vivado/baseDesign_stream/baseline_hls.runs/synth_1/.Xil/Vivado-13200-Haoxi-PC/realtime/design_4_fir_stream_0_2_stub.v:6]
WARNING: [Synth 8-7071] port 'ap_done' of module 'design_4_fir_stream_0_2' is unconnected for instance 'fir_stream_0' [h:/UbuntuShared/4601/Vivado/baseDesign_stream/baseline_hls.gen/sources_1/bd/design_4/synth/design_4.v:387]
WARNING: [Synth 8-7071] port 'ap_idle' of module 'design_4_fir_stream_0_2' is unconnected for instance 'fir_stream_0' [h:/UbuntuShared/4601/Vivado/baseDesign_stream/baseline_hls.gen/sources_1/bd/design_4/synth/design_4.v:387]
WARNING: [Synth 8-7071] port 'ap_ready' of module 'design_4_fir_stream_0_2' is unconnected for instance 'fir_stream_0' [h:/UbuntuShared/4601/Vivado/baseDesign_stream/baseline_hls.gen/sources_1/bd/design_4/synth/design_4.v:387]
WARNING: [Synth 8-7071] port 'output_r_TKEEP' of module 'design_4_fir_stream_0_2' is unconnected for instance 'fir_stream_0' [h:/UbuntuShared/4601/Vivado/baseDesign_stream/baseline_hls.gen/sources_1/bd/design_4/synth/design_4.v:387]
WARNING: [Synth 8-7071] port 'output_r_TSTRB' of module 'design_4_fir_stream_0_2' is unconnected for instance 'fir_stream_0' [h:/UbuntuShared/4601/Vivado/baseDesign_stream/baseline_hls.gen/sources_1/bd/design_4/synth/design_4.v:387]
WARNING: [Synth 8-7023] instance 'fir_stream_0' of module 'design_4_fir_stream_0_2' has 35 connections declared, but only 30 given [h:/UbuntuShared/4601/Vivado/baseDesign_stream/baseline_hls.gen/sources_1/bd/design_4/synth/design_4.v:387]
INFO: [Synth 8-6157] synthesizing module 'design_4_ps8_1_axi_periph_1' [h:/UbuntuShared/4601/Vivado/baseDesign_stream/baseline_hls.gen/sources_1/bd/design_4/synth/design_4.v:1360]
INFO: [Synth 8-6157] synthesizing module 'm00_couplers_imp_6ZMAHM' [h:/UbuntuShared/4601/Vivado/baseDesign_stream/baseline_hls.gen/sources_1/bd/design_4/synth/design_4.v:2138]
INFO: [Synth 8-6155] done synthesizing module 'm00_couplers_imp_6ZMAHM' (12#1) [h:/UbuntuShared/4601/Vivado/baseDesign_stream/baseline_hls.gen/sources_1/bd/design_4/synth/design_4.v:2138]
INFO: [Synth 8-6157] synthesizing module 'm01_couplers_imp_1WD1UUZ' [h:/UbuntuShared/4601/Vivado/baseDesign_stream/baseline_hls.gen/sources_1/bd/design_4/synth/design_4.v:2263]
INFO: [Synth 8-6155] done synthesizing module 'm01_couplers_imp_1WD1UUZ' (13#1) [h:/UbuntuShared/4601/Vivado/baseDesign_stream/baseline_hls.gen/sources_1/bd/design_4/synth/design_4.v:2263]
INFO: [Synth 8-6157] synthesizing module 's00_couplers_imp_1Q617FC' [h:/UbuntuShared/4601/Vivado/baseDesign_stream/baseline_hls.gen/sources_1/bd/design_4/synth/design_4.v:2395]
INFO: [Synth 8-6157] synthesizing module 'design_4_auto_pc_0' [H:/UbuntuShared/4601/Vivado/baseDesign_stream/baseline_hls.runs/synth_1/.Xil/Vivado-13200-Haoxi-PC/realtime/design_4_auto_pc_0_stub.v:6]
INFO: [Synth 8-6155] done synthesizing module 'design_4_auto_pc_0' (14#1) [H:/UbuntuShared/4601/Vivado/baseDesign_stream/baseline_hls.runs/synth_1/.Xil/Vivado-13200-Haoxi-PC/realtime/design_4_auto_pc_0_stub.v:6]
INFO: [Synth 8-6155] done synthesizing module 's00_couplers_imp_1Q617FC' (15#1) [h:/UbuntuShared/4601/Vivado/baseDesign_stream/baseline_hls.gen/sources_1/bd/design_4/synth/design_4.v:2395]
INFO: [Synth 8-6157] synthesizing module 'design_4_xbar_2' [H:/UbuntuShared/4601/Vivado/baseDesign_stream/baseline_hls.runs/synth_1/.Xil/Vivado-13200-Haoxi-PC/realtime/design_4_xbar_2_stub.v:6]
INFO: [Synth 8-6155] done synthesizing module 'design_4_xbar_2' (16#1) [H:/UbuntuShared/4601/Vivado/baseDesign_stream/baseline_hls.runs/synth_1/.Xil/Vivado-13200-Haoxi-PC/realtime/design_4_xbar_2_stub.v:6]
WARNING: [Synth 8-7071] port 'm_axi_awprot' of module 'design_4_xbar_2' is unconnected for instance 'xbar' [h:/UbuntuShared/4601/Vivado/baseDesign_stream/baseline_hls.gen/sources_1/bd/design_4/synth/design_4.v:1853]
WARNING: [Synth 8-7071] port 'm_axi_arprot' of module 'design_4_xbar_2' is unconnected for instance 'xbar' [h:/UbuntuShared/4601/Vivado/baseDesign_stream/baseline_hls.gen/sources_1/bd/design_4/synth/design_4.v:1853]
WARNING: [Synth 8-7023] instance 'xbar' of module 'design_4_xbar_2' has 40 connections declared, but only 38 given [h:/UbuntuShared/4601/Vivado/baseDesign_stream/baseline_hls.gen/sources_1/bd/design_4/synth/design_4.v:1853]
INFO: [Synth 8-6155] done synthesizing module 'design_4_ps8_1_axi_periph_1' (17#1) [h:/UbuntuShared/4601/Vivado/baseDesign_stream/baseline_hls.gen/sources_1/bd/design_4/synth/design_4.v:1360]
INFO: [Synth 8-6157] synthesizing module 'design_4_rst_ps8_1_149M_0' [H:/UbuntuShared/4601/Vivado/baseDesign_stream/baseline_hls.runs/synth_1/.Xil/Vivado-13200-Haoxi-PC/realtime/design_4_rst_ps8_1_149M_0_stub.v:6]
INFO: [Synth 8-6155] done synthesizing module 'design_4_rst_ps8_1_149M_0' (18#1) [H:/UbuntuShared/4601/Vivado/baseDesign_stream/baseline_hls.runs/synth_1/.Xil/Vivado-13200-Haoxi-PC/realtime/design_4_rst_ps8_1_149M_0_stub.v:6]
WARNING: [Synth 8-7071] port 'mb_reset' of module 'design_4_rst_ps8_1_149M_0' is unconnected for instance 'rst_ps8_1_149M' [h:/UbuntuShared/4601/Vivado/baseDesign_stream/baseline_hls.gen/sources_1/bd/design_4/synth/design_4.v:497]
WARNING: [Synth 8-7071] port 'bus_struct_reset' of module 'design_4_rst_ps8_1_149M_0' is unconnected for instance 'rst_ps8_1_149M' [h:/UbuntuShared/4601/Vivado/baseDesign_stream/baseline_hls.gen/sources_1/bd/design_4/synth/design_4.v:497]
WARNING: [Synth 8-7071] port 'peripheral_reset' of module 'design_4_rst_ps8_1_149M_0' is unconnected for instance 'rst_ps8_1_149M' [h:/UbuntuShared/4601/Vivado/baseDesign_stream/baseline_hls.gen/sources_1/bd/design_4/synth/design_4.v:497]
WARNING: [Synth 8-7071] port 'interconnect_aresetn' of module 'design_4_rst_ps8_1_149M_0' is unconnected for instance 'rst_ps8_1_149M' [h:/UbuntuShared/4601/Vivado/baseDesign_stream/baseline_hls.gen/sources_1/bd/design_4/synth/design_4.v:497]
WARNING: [Synth 8-7023] instance 'rst_ps8_1_149M' of module 'design_4_rst_ps8_1_149M_0' has 10 connections declared, but only 6 given [h:/UbuntuShared/4601/Vivado/baseDesign_stream/baseline_hls.gen/sources_1/bd/design_4/synth/design_4.v:497]
INFO: [Synth 8-6157] synthesizing module 'design_4_xlconcat_0_0' [h:/UbuntuShared/4601/Vivado/baseDesign_stream/baseline_hls.gen/sources_1/bd/design_4/ip/design_4_xlconcat_0_0/synth/design_4_xlconcat_0_0.v:60]
INFO: [Synth 8-6157] synthesizing module 'xlconcat_v2_1_4_xlconcat' [h:/UbuntuShared/4601/Vivado/baseDesign_stream/baseline_hls.gen/sources_1/bd/design_4/ipshared/4b67/hdl/xlconcat_v2_1_vl_rfs.v:14]
INFO: [Synth 8-6155] done synthesizing module 'xlconcat_v2_1_4_xlconcat' (19#1) [h:/UbuntuShared/4601/Vivado/baseDesign_stream/baseline_hls.gen/sources_1/bd/design_4/ipshared/4b67/hdl/xlconcat_v2_1_vl_rfs.v:14]
INFO: [Synth 8-6155] done synthesizing module 'design_4_xlconcat_0_0' (20#1) [h:/UbuntuShared/4601/Vivado/baseDesign_stream/baseline_hls.gen/sources_1/bd/design_4/ip/design_4_xlconcat_0_0/synth/design_4_xlconcat_0_0.v:60]
INFO: [Synth 8-6157] synthesizing module 'design_4_xlconstant_0_0' [h:/UbuntuShared/4601/Vivado/baseDesign_stream/baseline_hls.gen/sources_1/bd/design_4/ip/design_4_xlconstant_0_0/synth/design_4_xlconstant_0_0.v:57]
INFO: [Synth 8-6157] synthesizing module 'xlconstant_v1_1_7_xlconstant__parameterized1' [h:/UbuntuShared/4601/Vivado/baseDesign_stream/baseline_hls.gen/sources_1/bd/design_4/ipshared/fcfc/hdl/xlconstant_v1_1_vl_rfs.v:23]
INFO: [Synth 8-6155] done synthesizing module 'xlconstant_v1_1_7_xlconstant__parameterized1' (20#1) [h:/UbuntuShared/4601/Vivado/baseDesign_stream/baseline_hls.gen/sources_1/bd/design_4/ipshared/fcfc/hdl/xlconstant_v1_1_vl_rfs.v:23]
INFO: [Synth 8-6155] done synthesizing module 'design_4_xlconstant_0_0' (21#1) [h:/UbuntuShared/4601/Vivado/baseDesign_stream/baseline_hls.gen/sources_1/bd/design_4/ip/design_4_xlconstant_0_0/synth/design_4_xlconstant_0_0.v:57]
INFO: [Synth 8-6157] synthesizing module 'design_4_xlconstant_1_0' [h:/UbuntuShared/4601/Vivado/baseDesign_stream/baseline_hls.gen/sources_1/bd/design_4/ip/design_4_xlconstant_1_0/synth/design_4_xlconstant_1_0.v:57]
INFO: [Synth 8-6157] synthesizing module 'xlconstant_v1_1_7_xlconstant__parameterized2' [h:/UbuntuShared/4601/Vivado/baseDesign_stream/baseline_hls.gen/sources_1/bd/design_4/ipshared/fcfc/hdl/xlconstant_v1_1_vl_rfs.v:23]
INFO: [Synth 8-6155] done synthesizing module 'xlconstant_v1_1_7_xlconstant__parameterized2' (21#1) [h:/UbuntuShared/4601/Vivado/baseDesign_stream/baseline_hls.gen/sources_1/bd/design_4/ipshared/fcfc/hdl/xlconstant_v1_1_vl_rfs.v:23]
INFO: [Synth 8-6155] done synthesizing module 'design_4_xlconstant_1_0' (22#1) [h:/UbuntuShared/4601/Vivado/baseDesign_stream/baseline_hls.gen/sources_1/bd/design_4/ip/design_4_xlconstant_1_0/synth/design_4_xlconstant_1_0.v:57]
INFO: [Synth 8-6157] synthesizing module 'design_4_zynq_ultra_ps_e_1_0' [H:/UbuntuShared/4601/Vivado/baseDesign_stream/baseline_hls.runs/synth_1/.Xil/Vivado-13200-Haoxi-PC/realtime/design_4_zynq_ultra_ps_e_1_0_stub.v:6]
INFO: [Synth 8-6155] done synthesizing module 'design_4_zynq_ultra_ps_e_1_0' (23#1) [H:/UbuntuShared/4601/Vivado/baseDesign_stream/baseline_hls.runs/synth_1/.Xil/Vivado-13200-Haoxi-PC/realtime/design_4_zynq_ultra_ps_e_1_0_stub.v:6]
WARNING: [Synth 8-7071] port 'maxigp1_awuser' of module 'design_4_zynq_ultra_ps_e_1_0' is unconnected for instance 'zynq_ultra_ps_e_1' [h:/UbuntuShared/4601/Vivado/baseDesign_stream/baseline_hls.gen/sources_1/bd/design_4/synth/design_4.v:512]
WARNING: [Synth 8-7071] port 'maxigp1_aruser' of module 'design_4_zynq_ultra_ps_e_1_0' is unconnected for instance 'zynq_ultra_ps_e_1' [h:/UbuntuShared/4601/Vivado/baseDesign_stream/baseline_hls.gen/sources_1/bd/design_4/synth/design_4.v:512]
WARNING: [Synth 8-7071] port 'saxigp0_bid' of module 'design_4_zynq_ultra_ps_e_1_0' is unconnected for instance 'zynq_ultra_ps_e_1' [h:/UbuntuShared/4601/Vivado/baseDesign_stream/baseline_hls.gen/sources_1/bd/design_4/synth/design_4.v:512]
WARNING: [Synth 8-7071] port 'saxigp0_rid' of module 'design_4_zynq_ultra_ps_e_1_0' is unconnected for instance 'zynq_ultra_ps_e_1' [h:/UbuntuShared/4601/Vivado/baseDesign_stream/baseline_hls.gen/sources_1/bd/design_4/synth/design_4.v:512]
WARNING: [Synth 8-7023] instance 'zynq_ultra_ps_e_1' of module 'design_4_zynq_ultra_ps_e_1_0' has 83 connections declared, but only 79 given [h:/UbuntuShared/4601/Vivado/baseDesign_stream/baseline_hls.gen/sources_1/bd/design_4/synth/design_4.v:512]
INFO: [Synth 8-6155] done synthesizing module 'design_4' (24#1) [h:/UbuntuShared/4601/Vivado/baseDesign_stream/baseline_hls.gen/sources_1/bd/design_4/synth/design_4.v:13]
INFO: [Synth 8-6155] done synthesizing module 'design_4_wrapper' (25#1) [H:/UbuntuShared/4601/Vivado/baseDesign_stream/baseline_hls.srcs/sources_1/imports/design_4_wrapper.v:12]
WARNING: [Synth 8-7129] Port In2[0] in module xlconcat_v2_1_4_xlconcat is either unconnected or has no load
WARNING: [Synth 8-7129] Port In3[0] in module xlconcat_v2_1_4_xlconcat is either unconnected or has no load
WARNING: [Synth 8-7129] Port In4[0] in module xlconcat_v2_1_4_xlconcat is either unconnected or has no load
WARNING: [Synth 8-7129] Port In5[0] in module xlconcat_v2_1_4_xlconcat is either unconnected or has no load
WARNING: [Synth 8-7129] Port In6[0] in module xlconcat_v2_1_4_xlconcat is either unconnected or has no load
WARNING: [Synth 8-7129] Port In7[0] in module xlconcat_v2_1_4_xlconcat is either unconnected or has no load
WARNING: [Synth 8-7129] Port In8[0] in module xlconcat_v2_1_4_xlconcat is either unconnected or has no load
WARNING: [Synth 8-7129] Port In9[0] in module xlconcat_v2_1_4_xlconcat is either unconnected or has no load
WARNING: [Synth 8-7129] Port In10[0] in module xlconcat_v2_1_4_xlconcat is either unconnected or has no load
WARNING: [Synth 8-7129] Port In11[0] in module xlconcat_v2_1_4_xlconcat is either unconnected or has no load
WARNING: [Synth 8-7129] Port In12[0] in module xlconcat_v2_1_4_xlconcat is either unconnected or has no load
WARNING: [Synth 8-7129] Port In13[0] in module xlconcat_v2_1_4_xlconcat is either unconnected or has no load
WARNING: [Synth 8-7129] Port In14[0] in module xlconcat_v2_1_4_xlconcat is either unconnected or has no load
WARNING: [Synth 8-7129] Port In15[0] in module xlconcat_v2_1_4_xlconcat is either unconnected or has no load
WARNING: [Synth 8-7129] Port In16[0] in module xlconcat_v2_1_4_xlconcat is either unconnected or has no load
WARNING: [Synth 8-7129] Port In17[0] in module xlconcat_v2_1_4_xlconcat is either unconnected or has no load
WARNING: [Synth 8-7129] Port In18[0] in module xlconcat_v2_1_4_xlconcat is either unconnected or has no load
WARNING: [Synth 8-7129] Port In19[0] in module xlconcat_v2_1_4_xlconcat is either unconnected or has no load
WARNING: [Synth 8-7129] Port In20[0] in module xlconcat_v2_1_4_xlconcat is either unconnected or has no load
WARNING: [Synth 8-7129] Port In21[0] in module xlconcat_v2_1_4_xlconcat is either unconnected or has no load
WARNING: [Synth 8-7129] Port In22[0] in module xlconcat_v2_1_4_xlconcat is either unconnected or has no load
WARNING: [Synth 8-7129] Port In23[0] in module xlconcat_v2_1_4_xlconcat is either unconnected or has no load
WARNING: [Synth 8-7129] Port In24[0] in module xlconcat_v2_1_4_xlconcat is either unconnected or has no load
WARNING: [Synth 8-7129] Port In25[0] in module xlconcat_v2_1_4_xlconcat is either unconnected or has no load
WARNING: [Synth 8-7129] Port In26[0] in module xlconcat_v2_1_4_xlconcat is either unconnected or has no load
WARNING: [Synth 8-7129] Port In27[0] in module xlconcat_v2_1_4_xlconcat is either unconnected or has no load
WARNING: [Synth 8-7129] Port In28[0] in module xlconcat_v2_1_4_xlconcat is either unconnected or has no load
WARNING: [Synth 8-7129] Port In29[0] in module xlconcat_v2_1_4_xlconcat is either unconnected or has no load
WARNING: [Synth 8-7129] Port In30[0] in module xlconcat_v2_1_4_xlconcat is either unconnected or has no load
WARNING: [Synth 8-7129] Port In31[0] in module xlconcat_v2_1_4_xlconcat is either unconnected or has no load
WARNING: [Synth 8-7129] Port In32[0] in module xlconcat_v2_1_4_xlconcat is either unconnected or has no load
WARNING: [Synth 8-7129] Port In33[0] in module xlconcat_v2_1_4_xlconcat is either unconnected or has no load
WARNING: [Synth 8-7129] Port In34[0] in module xlconcat_v2_1_4_xlconcat is either unconnected or has no load
WARNING: [Synth 8-7129] Port In35[0] in module xlconcat_v2_1_4_xlconcat is either unconnected or has no load
WARNING: [Synth 8-7129] Port In36[0] in module xlconcat_v2_1_4_xlconcat is either unconnected or has no load
WARNING: [Synth 8-7129] Port In37[0] in module xlconcat_v2_1_4_xlconcat is either unconnected or has no load
WARNING: [Synth 8-7129] Port In38[0] in module xlconcat_v2_1_4_xlconcat is either unconnected or has no load
WARNING: [Synth 8-7129] Port In39[0] in module xlconcat_v2_1_4_xlconcat is either unconnected or has no load
WARNING: [Synth 8-7129] Port In40[0] in module xlconcat_v2_1_4_xlconcat is either unconnected or has no load
WARNING: [Synth 8-7129] Port In41[0] in module xlconcat_v2_1_4_xlconcat is either unconnected or has no load
WARNING: [Synth 8-7129] Port In42[0] in module xlconcat_v2_1_4_xlconcat is either unconnected or has no load
WARNING: [Synth 8-7129] Port In43[0] in module xlconcat_v2_1_4_xlconcat is either unconnected or has no load
WARNING: [Synth 8-7129] Port In44[0] in module xlconcat_v2_1_4_xlconcat is either unconnected or has no load
WARNING: [Synth 8-7129] Port In45[0] in module xlconcat_v2_1_4_xlconcat is either unconnected or has no load
WARNING: [Synth 8-7129] Port In46[0] in module xlconcat_v2_1_4_xlconcat is either unconnected or has no load
WARNING: [Synth 8-7129] Port In47[0] in module xlconcat_v2_1_4_xlconcat is either unconnected or has no load
WARNING: [Synth 8-7129] Port In48[0] in module xlconcat_v2_1_4_xlconcat is either unconnected or has no load
WARNING: [Synth 8-7129] Port In49[0] in module xlconcat_v2_1_4_xlconcat is either unconnected or has no load
WARNING: [Synth 8-7129] Port In50[0] in module xlconcat_v2_1_4_xlconcat is either unconnected or has no load
WARNING: [Synth 8-7129] Port In51[0] in module xlconcat_v2_1_4_xlconcat is either unconnected or has no load
WARNING: [Synth 8-7129] Port In52[0] in module xlconcat_v2_1_4_xlconcat is either unconnected or has no load
WARNING: [Synth 8-7129] Port In53[0] in module xlconcat_v2_1_4_xlconcat is either unconnected or has no load
WARNING: [Synth 8-7129] Port In54[0] in module xlconcat_v2_1_4_xlconcat is either unconnected or has no load
WARNING: [Synth 8-7129] Port In55[0] in module xlconcat_v2_1_4_xlconcat is either unconnected or has no load
WARNING: [Synth 8-7129] Port In56[0] in module xlconcat_v2_1_4_xlconcat is either unconnected or has no load
WARNING: [Synth 8-7129] Port In57[0] in module xlconcat_v2_1_4_xlconcat is either unconnected or has no load
WARNING: [Synth 8-7129] Port In58[0] in module xlconcat_v2_1_4_xlconcat is either unconnected or has no load
WARNING: [Synth 8-7129] Port In59[0] in module xlconcat_v2_1_4_xlconcat is either unconnected or has no load
WARNING: [Synth 8-7129] Port In60[0] in module xlconcat_v2_1_4_xlconcat is either unconnected or has no load
WARNING: [Synth 8-7129] Port In61[0] in module xlconcat_v2_1_4_xlconcat is either unconnected or has no load
WARNING: [Synth 8-7129] Port In62[0] in module xlconcat_v2_1_4_xlconcat is either unconnected or has no load
WARNING: [Synth 8-7129] Port In63[0] in module xlconcat_v2_1_4_xlconcat is either unconnected or has no load
WARNING: [Synth 8-7129] Port In64[0] in module xlconcat_v2_1_4_xlconcat is either unconnected or has no load
WARNING: [Synth 8-7129] Port In65[0] in module xlconcat_v2_1_4_xlconcat is either unconnected or has no load
WARNING: [Synth 8-7129] Port In66[0] in module xlconcat_v2_1_4_xlconcat is either unconnected or has no load
WARNING: [Synth 8-7129] Port In67[0] in module xlconcat_v2_1_4_xlconcat is either unconnected or has no load
WARNING: [Synth 8-7129] Port In68[0] in module xlconcat_v2_1_4_xlconcat is either unconnected or has no load
WARNING: [Synth 8-7129] Port In69[0] in module xlconcat_v2_1_4_xlconcat is either unconnected or has no load
WARNING: [Synth 8-7129] Port In70[0] in module xlconcat_v2_1_4_xlconcat is either unconnected or has no load
WARNING: [Synth 8-7129] Port In71[0] in module xlconcat_v2_1_4_xlconcat is either unconnected or has no load
WARNING: [Synth 8-7129] Port In72[0] in module xlconcat_v2_1_4_xlconcat is either unconnected or has no load
WARNING: [Synth 8-7129] Port In73[0] in module xlconcat_v2_1_4_xlconcat is either unconnected or has no load
WARNING: [Synth 8-7129] Port In74[0] in module xlconcat_v2_1_4_xlconcat is either unconnected or has no load
WARNING: [Synth 8-7129] Port In75[0] in module xlconcat_v2_1_4_xlconcat is either unconnected or has no load
WARNING: [Synth 8-7129] Port In76[0] in module xlconcat_v2_1_4_xlconcat is either unconnected or has no load
WARNING: [Synth 8-7129] Port In77[0] in module xlconcat_v2_1_4_xlconcat is either unconnected or has no load
WARNING: [Synth 8-7129] Port In78[0] in module xlconcat_v2_1_4_xlconcat is either unconnected or has no load
WARNING: [Synth 8-7129] Port In79[0] in module xlconcat_v2_1_4_xlconcat is either unconnected or has no load
WARNING: [Synth 8-7129] Port In80[0] in module xlconcat_v2_1_4_xlconcat is either unconnected or has no load
WARNING: [Synth 8-7129] Port In81[0] in module xlconcat_v2_1_4_xlconcat is either unconnected or has no load
WARNING: [Synth 8-7129] Port In82[0] in module xlconcat_v2_1_4_xlconcat is either unconnected or has no load
WARNING: [Synth 8-7129] Port In83[0] in module xlconcat_v2_1_4_xlconcat is either unconnected or has no load
WARNING: [Synth 8-7129] Port In84[0] in module xlconcat_v2_1_4_xlconcat is either unconnected or has no load
WARNING: [Synth 8-7129] Port In85[0] in module xlconcat_v2_1_4_xlconcat is either unconnected or has no load
WARNING: [Synth 8-7129] Port In86[0] in module xlconcat_v2_1_4_xlconcat is either unconnected or has no load
WARNING: [Synth 8-7129] Port In87[0] in module xlconcat_v2_1_4_xlconcat is either unconnected or has no load
WARNING: [Synth 8-7129] Port In88[0] in module xlconcat_v2_1_4_xlconcat is either unconnected or has no load
WARNING: [Synth 8-7129] Port In89[0] in module xlconcat_v2_1_4_xlconcat is either unconnected or has no load
WARNING: [Synth 8-7129] Port In90[0] in module xlconcat_v2_1_4_xlconcat is either unconnected or has no load
WARNING: [Synth 8-7129] Port In91[0] in module xlconcat_v2_1_4_xlconcat is either unconnected or has no load
WARNING: [Synth 8-7129] Port In92[0] in module xlconcat_v2_1_4_xlconcat is either unconnected or has no load
WARNING: [Synth 8-7129] Port In93[0] in module xlconcat_v2_1_4_xlconcat is either unconnected or has no load
WARNING: [Synth 8-7129] Port In94[0] in module xlconcat_v2_1_4_xlconcat is either unconnected or has no load
WARNING: [Synth 8-7129] Port In95[0] in module xlconcat_v2_1_4_xlconcat is either unconnected or has no load
WARNING: [Synth 8-7129] Port In96[0] in module xlconcat_v2_1_4_xlconcat is either unconnected or has no load
WARNING: [Synth 8-7129] Port In97[0] in module xlconcat_v2_1_4_xlconcat is either unconnected or has no load
WARNING: [Synth 8-7129] Port In98[0] in module xlconcat_v2_1_4_xlconcat is either unconnected or has no load
WARNING: [Synth 8-7129] Port In99[0] in module xlconcat_v2_1_4_xlconcat is either unconnected or has no load
WARNING: [Synth 8-7129] Port In100[0] in module xlconcat_v2_1_4_xlconcat is either unconnected or has no load
WARNING: [Synth 8-7129] Port In101[0] in module xlconcat_v2_1_4_xlconcat is either unconnected or has no load
INFO: [Common 17-14] Message 'Synth 8-7129' appears 100 times and further instances of the messages will be disabled. Use the Tcl command set_msg_config to change the current settings.
---------------------------------------------------------------------------------
Finished RTL Elaboration : Time (s): cpu = 00:00:04 ; elapsed = 00:00:04 . Memory (MB): peak = 1717.488 ; gain = 315.492
---------------------------------------------------------------------------------
---------------------------------------------------------------------------------
Start Handling Custom Attributes
---------------------------------------------------------------------------------
---------------------------------------------------------------------------------
Finished Handling Custom Attributes : Time (s): cpu = 00:00:04 ; elapsed = 00:00:05 . Memory (MB): peak = 1717.488 ; gain = 315.492
---------------------------------------------------------------------------------
---------------------------------------------------------------------------------
Finished RTL Optimization Phase 1 : Time (s): cpu = 00:00:04 ; elapsed = 00:00:05 . Memory (MB): peak = 1717.488 ; gain = 315.492
---------------------------------------------------------------------------------
Netlist sorting complete. Time (s): cpu = 00:00:00 ; elapsed = 00:00:00.027 . Memory (MB): peak = 1717.488 ; gain = 0.000
INFO: [Project 1-570] Preparing netlist for logic optimization

Processing XDC Constraints
Initializing timing engine
Parsing XDC File [h:/UbuntuShared/4601/Vivado/baseDesign_stream/baseline_hls.gen/sources_1/bd/design_4/ip/design_4_xbar_0/design_4_xbar_0/design_4_xbar_0_in_context.xdc] for cell 'design_4_i/axi_interconnect_0/xbar'
Finished Parsing XDC File [h:/UbuntuShared/4601/Vivado/baseDesign_stream/baseline_hls.gen/sources_1/bd/design_4/ip/design_4_xbar_0/design_4_xbar_0/design_4_xbar_0_in_context.xdc] for cell 'design_4_i/axi_interconnect_0/xbar'
Parsing XDC File [h:/UbuntuShared/4601/Vivado/baseDesign_stream/baseline_hls.gen/sources_1/bd/design_4/ip/design_4_rst_ps8_1_149M_0/design_4_rst_ps8_1_149M_0/design_4_rst_ps8_1_149M_0_in_context.xdc] for cell 'design_4_i/rst_ps8_1_149M'
Finished Parsing XDC File [h:/UbuntuShared/4601/Vivado/baseDesign_stream/baseline_hls.gen/sources_1/bd/design_4/ip/design_4_rst_ps8_1_149M_0/design_4_rst_ps8_1_149M_0/design_4_rst_ps8_1_149M_0_in_context.xdc] for cell 'design_4_i/rst_ps8_1_149M'
Parsing XDC File [h:/UbuntuShared/4601/Vivado/baseDesign_stream/baseline_hls.gen/sources_1/bd/design_4/ip/design_4_zynq_ultra_ps_e_1_0/design_4_zynq_ultra_ps_e_1_0/design_4_zynq_ultra_ps_e_1_0_in_context.xdc] for cell 'design_4_i/zynq_ultra_ps_e_1'
Finished Parsing XDC File [h:/UbuntuShared/4601/Vivado/baseDesign_stream/baseline_hls.gen/sources_1/bd/design_4/ip/design_4_zynq_ultra_ps_e_1_0/design_4_zynq_ultra_ps_e_1_0/design_4_zynq_ultra_ps_e_1_0_in_context.xdc] for cell 'design_4_i/zynq_ultra_ps_e_1'
Parsing XDC File [h:/UbuntuShared/4601/Vivado/baseDesign_stream/baseline_hls.gen/sources_1/bd/design_4/ip/design_4_axi_dma_0_1/design_4_axi_dma_0_1/design_4_axi_dma_0_1_in_context.xdc] for cell 'design_4_i/axi_dma_0'
Finished Parsing XDC File [h:/UbuntuShared/4601/Vivado/baseDesign_stream/baseline_hls.gen/sources_1/bd/design_4/ip/design_4_axi_dma_0_1/design_4_axi_dma_0_1/design_4_axi_dma_0_1_in_context.xdc] for cell 'design_4_i/axi_dma_0'
Parsing XDC File [h:/UbuntuShared/4601/Vivado/baseDesign_stream/baseline_hls.gen/sources_1/bd/design_4/ip/design_4_xbar_2/design_4_xbar_2/design_4_xbar_2_in_context.xdc] for cell 'design_4_i/ps8_1_axi_periph/xbar'
Finished Parsing XDC File [h:/UbuntuShared/4601/Vivado/baseDesign_stream/baseline_hls.gen/sources_1/bd/design_4/ip/design_4_xbar_2/design_4_xbar_2/design_4_xbar_2_in_context.xdc] for cell 'design_4_i/ps8_1_axi_periph/xbar'
Parsing XDC File [h:/UbuntuShared/4601/Vivado/baseDesign_stream/baseline_hls.gen/sources_1/bd/design_4/ip/design_4_auto_pc_0/design_4_auto_pc_0/design_4_auto_pc_0_in_context.xdc] for cell 'design_4_i/ps8_1_axi_periph/s00_couplers/auto_pc'
Finished Parsing XDC File [h:/UbuntuShared/4601/Vivado/baseDesign_stream/baseline_hls.gen/sources_1/bd/design_4/ip/design_4_auto_pc_0/design_4_auto_pc_0/design_4_auto_pc_0_in_context.xdc] for cell 'design_4_i/ps8_1_axi_periph/s00_couplers/auto_pc'
Parsing XDC File [h:/UbuntuShared/4601/Vivado/baseDesign_stream/baseline_hls.gen/sources_1/bd/design_4/ip/design_4_fir_stream_0_2/design_4_fir_stream_0_2/design_4_fir_stream_0_2_in_context.xdc] for cell 'design_4_i/fir_stream_0'
Finished Parsing XDC File [h:/UbuntuShared/4601/Vivado/baseDesign_stream/baseline_hls.gen/sources_1/bd/design_4/ip/design_4_fir_stream_0_2/design_4_fir_stream_0_2/design_4_fir_stream_0_2_in_context.xdc] for cell 'design_4_i/fir_stream_0'
Parsing XDC File [H:/UbuntuShared/4601/Vivado/baseDesign_stream/baseline_hls.runs/synth_1/dont_touch.xdc]
Finished Parsing XDC File [H:/UbuntuShared/4601/Vivado/baseDesign_stream/baseline_hls.runs/synth_1/dont_touch.xdc]
Completed Processing XDC Constraints

Netlist sorting complete. Time (s): cpu = 00:00:00 ; elapsed = 00:00:00 . Memory (MB): peak = 1737.656 ; gain = 0.000
INFO: [Project 1-111] Unisim Transformation Summary:
No Unisim elements were transformed.

Constraint Validation Runtime : Time (s): cpu = 00:00:00 ; elapsed = 00:00:00.004 . Memory (MB): peak = 1737.656 ; gain = 0.000
WARNING: [Designutils 20-4072] Reference run did not run incremental synthesis because the design is too small; reverting to default synthesis
INFO: [Designutils 20-4379] Flow is switching to default flow due to incremental criteria not met. If you would like to alter this behaviour and have the flow terminate instead, please set the following parameter config_implementation {autoIncr.Synth.RejectBehavior Terminate}
---------------------------------------------------------------------------------
Finished Constraint Validation : Time (s): cpu = 00:00:11 ; elapsed = 00:00:12 . Memory (MB): peak = 1737.656 ; gain = 335.660
---------------------------------------------------------------------------------
---------------------------------------------------------------------------------
Start Loading Part and Timing Information
---------------------------------------------------------------------------------
Loading part: xck26-sfvc784-2LV-c
INFO: [Synth 8-6742] Reading net delay rules and data
---------------------------------------------------------------------------------
Finished Loading Part and Timing Information : Time (s): cpu = 00:00:11 ; elapsed = 00:00:12 . Memory (MB): peak = 1737.656 ; gain = 335.660
---------------------------------------------------------------------------------
---------------------------------------------------------------------------------
Start Applying 'set_property' XDC Constraints
---------------------------------------------------------------------------------
Applied set_property KEEP_HIERARCHY = SOFT for design_4_i. (constraint file  auto generated constraint).
Applied set_property KEEP_HIERARCHY = SOFT for design_4_i/axcache_cst. (constraint file  auto generated constraint).
Applied set_property KEEP_HIERARCHY = SOFT for design_4_i/axi_interconnect_0/xbar. (constraint file  auto generated constraint).
Applied set_property KEEP_HIERARCHY = SOFT for design_4_i/axi_interconnect_0. (constraint file  auto generated constraint).
Applied set_property KEEP_HIERARCHY = SOFT for design_4_i/axprot_cst. (constraint file  auto generated constraint).
Applied set_property KEEP_HIERARCHY = SOFT for design_4_i/rst_ps8_1_149M. (constraint file  auto generated constraint).
Applied set_property KEEP_HIERARCHY = SOFT for design_4_i/zynq_ultra_ps_e_1. (constraint file  auto generated constraint).
Applied set_property KEEP_HIERARCHY = SOFT for design_4_i/axi_dma_0. (constraint file  auto generated constraint).
Applied set_property KEEP_HIERARCHY = SOFT for design_4_i/xlconstant_0. (constraint file  auto generated constraint).
Applied set_property KEEP_HIERARCHY = SOFT for design_4_i/xlconcat_0. (constraint file  auto generated constraint).
Applied set_property KEEP_HIERARCHY = SOFT for design_4_i/ps8_1_axi_periph/xbar. (constraint file  auto generated constraint).
Applied set_property KEEP_HIERARCHY = SOFT for design_4_i/ps8_1_axi_periph/s00_couplers/auto_pc. (constraint file  auto generated constraint).
Applied set_property KEEP_HIERARCHY = SOFT for design_4_i/ps8_1_axi_periph. (constraint file  auto generated constraint).
Applied set_property KEEP_HIERARCHY = SOFT for design_4_i/xlconstant_1. (constraint file  auto generated constraint).
Applied set_property KEEP_HIERARCHY = SOFT for design_4_i/fir_stream_0. (constraint file  auto generated constraint).
---------------------------------------------------------------------------------
Finished applying 'set_property' XDC Constraints : Time (s): cpu = 00:00:11 ; elapsed = 00:00:12 . Memory (MB): peak = 1737.656 ; gain = 335.660
---------------------------------------------------------------------------------
---------------------------------------------------------------------------------
Finished RTL Optimization Phase 2 : Time (s): cpu = 00:00:11 ; elapsed = 00:00:12 . Memory (MB): peak = 1737.656 ; gain = 335.660
---------------------------------------------------------------------------------
---------------------------------------------------------------------------------
Start RTL Component Statistics 
---------------------------------------------------------------------------------
Detailed RTL Component Info : 
---------------------------------------------------------------------------------
Finished RTL Component Statistics 
---------------------------------------------------------------------------------
---------------------------------------------------------------------------------
Start Part Resource Summary
---------------------------------------------------------------------------------
Part Resources:
DSPs: 1248 (col length:96)
BRAMs: 288 (col length: RAMB18 96 RAMB36 48)
---------------------------------------------------------------------------------
Finished Part Resource Summary
---------------------------------------------------------------------------------
---------------------------------------------------------------------------------
Start Cross Boundary and Area Optimization
---------------------------------------------------------------------------------
WARNING: [Synth 8-7080] Parallel synthesis criteria is not met
---------------------------------------------------------------------------------
Finished Cross Boundary and Area Optimization : Time (s): cpu = 00:00:12 ; elapsed = 00:00:13 . Memory (MB): peak = 1737.656 ; gain = 335.660
---------------------------------------------------------------------------------
---------------------------------------------------------------------------------
Start Applying XDC Timing Constraints
---------------------------------------------------------------------------------
---------------------------------------------------------------------------------
Finished Applying XDC Timing Constraints : Time (s): cpu = 00:00:19 ; elapsed = 00:00:20 . Memory (MB): peak = 2337.145 ; gain = 935.148
---------------------------------------------------------------------------------
---------------------------------------------------------------------------------
Start Timing Optimization
---------------------------------------------------------------------------------
---------------------------------------------------------------------------------
Finished Timing Optimization : Time (s): cpu = 00:00:19 ; elapsed = 00:00:20 . Memory (MB): peak = 2337.145 ; gain = 935.148
---------------------------------------------------------------------------------
---------------------------------------------------------------------------------
Start Technology Mapping
---------------------------------------------------------------------------------
---------------------------------------------------------------------------------
Finished Technology Mapping : Time (s): cpu = 00:00:19 ; elapsed = 00:00:20 . Memory (MB): peak = 2357.109 ; gain = 955.113
---------------------------------------------------------------------------------
---------------------------------------------------------------------------------
Start IO Insertion
---------------------------------------------------------------------------------
---------------------------------------------------------------------------------
Start Flattening Before IO Insertion
---------------------------------------------------------------------------------
---------------------------------------------------------------------------------
Finished Flattening Before IO Insertion
---------------------------------------------------------------------------------
---------------------------------------------------------------------------------
Start Final Netlist Cleanup
---------------------------------------------------------------------------------
---------------------------------------------------------------------------------
Finished Final Netlist Cleanup
---------------------------------------------------------------------------------
---------------------------------------------------------------------------------
Finished IO Insertion : Time (s): cpu = 00:00:22 ; elapsed = 00:00:23 . Memory (MB): peak = 2363.879 ; gain = 961.883
---------------------------------------------------------------------------------
---------------------------------------------------------------------------------
Start Renaming Generated Instances
---------------------------------------------------------------------------------
---------------------------------------------------------------------------------
Finished Renaming Generated Instances : Time (s): cpu = 00:00:22 ; elapsed = 00:00:23 . Memory (MB): peak = 2363.879 ; gain = 961.883
---------------------------------------------------------------------------------
---------------------------------------------------------------------------------
Start Rebuilding User Hierarchy
---------------------------------------------------------------------------------
---------------------------------------------------------------------------------
Finished Rebuilding User Hierarchy : Time (s): cpu = 00:00:22 ; elapsed = 00:00:23 . Memory (MB): peak = 2363.879 ; gain = 961.883
---------------------------------------------------------------------------------
---------------------------------------------------------------------------------
Start Renaming Generated Ports
---------------------------------------------------------------------------------
---------------------------------------------------------------------------------
Finished Renaming Generated Ports : Time (s): cpu = 00:00:22 ; elapsed = 00:00:23 . Memory (MB): peak = 2363.879 ; gain = 961.883
---------------------------------------------------------------------------------
---------------------------------------------------------------------------------
Start Handling Custom Attributes
---------------------------------------------------------------------------------
---------------------------------------------------------------------------------
Finished Handling Custom Attributes : Time (s): cpu = 00:00:22 ; elapsed = 00:00:23 . Memory (MB): peak = 2363.879 ; gain = 961.883
---------------------------------------------------------------------------------
---------------------------------------------------------------------------------
Start Renaming Generated Nets
---------------------------------------------------------------------------------
---------------------------------------------------------------------------------
Finished Renaming Generated Nets : Time (s): cpu = 00:00:22 ; elapsed = 00:00:23 . Memory (MB): peak = 2363.879 ; gain = 961.883
---------------------------------------------------------------------------------
---------------------------------------------------------------------------------
Start Writing Synthesis Report
---------------------------------------------------------------------------------

Report BlackBoxes: 
+------+-----------------------------+----------+
|      |BlackBox name                |Instances |
+------+-----------------------------+----------+
|1     |design_4_xbar_0              |         1|
|2     |design_4_xbar_2              |         1|
|3     |design_4_auto_pc_0           |         1|
|4     |design_4_axi_dma_0_1         |         1|
|5     |design_4_fir_stream_0_2      |         1|
|6     |design_4_rst_ps8_1_149M_0    |         1|
|7     |design_4_zynq_ultra_ps_e_1_0 |         1|
+------+-----------------------------+----------+

Report Cell Usage: 
+------+---------------------------+------+
|      |Cell                       |Count |
+------+---------------------------+------+
|1     |design_4_auto_pc           |     1|
|2     |design_4_axi_dma_0         |     1|
|3     |design_4_fir_stream_0      |     1|
|4     |design_4_rst_ps8_1_149M    |     1|
|5     |design_4_xbar              |     2|
|7     |design_4_zynq_ultra_ps_e_1 |     1|
+------+---------------------------+------+
---------------------------------------------------------------------------------
Finished Writing Synthesis Report : Time (s): cpu = 00:00:22 ; elapsed = 00:00:23 . Memory (MB): peak = 2363.879 ; gain = 961.883
---------------------------------------------------------------------------------
Synthesis finished with 0 errors, 0 critical warnings and 15 warnings.
Synthesis Optimization Runtime : Time (s): cpu = 00:00:14 ; elapsed = 00:00:19 . Memory (MB): peak = 2363.879 ; gain = 941.715
Synthesis Optimization Complete : Time (s): cpu = 00:00:22 ; elapsed = 00:00:23 . Memory (MB): peak = 2363.879 ; gain = 961.883
INFO: [Project 1-571] Translating synthesized netlist
Netlist sorting complete. Time (s): cpu = 00:00:00 ; elapsed = 00:00:00.017 . Memory (MB): peak = 2363.879 ; gain = 0.000
INFO: [Project 1-570] Preparing netlist for logic optimization
INFO: [Opt 31-138] Pushed 0 inverter(s) to 0 load pin(s).
Netlist sorting complete. Time (s): cpu = 00:00:00 ; elapsed = 00:00:00 . Memory (MB): peak = 2408.246 ; gain = 0.000
INFO: [Project 1-111] Unisim Transformation Summary:
No Unisim elements were transformed.

Synth Design complete, checksum: 86d8a490
INFO: [Common 17-83] Releasing license: Synthesis
77 Infos, 135 Warnings, 0 Critical Warnings and 0 Errors encountered.
synth_design completed successfully
synth_design: Time (s): cpu = 00:00:27 ; elapsed = 00:00:28 . Memory (MB): peak = 2413.305 ; gain = 1167.211
INFO: [Common 17-1381] The checkpoint 'H:/UbuntuShared/4601/Vivado/baseDesign_stream/baseline_hls.runs/synth_1/design_4_wrapper.dcp' has been generated.
INFO: [runtcl-4] Executing : report_utilization -file design_4_wrapper_utilization_synth.rpt -pb design_4_wrapper_utilization_synth.pb
INFO: [Common 17-206] Exiting Vivado at Wed May 24 14:58:00 2023...
